2020-09-04 09:31:53,952 INFO  [main] com.aionemu.gameserver.GameServer [GameServer.java:348] JavaAgent [Callback Support] is configured.
2020-09-04 09:31:54,012 INFO  [main] org.quartz.impl.StdSchedulerFactory [StdSchedulerFactory.java:1175] Using default implementation for ThreadExecutor
2020-09-04 09:31:54,039 INFO  [main] org.quartz.core.SchedulerSignalerImpl [SchedulerSignalerImpl.java:61] Initialized Scheduler Signaller of type: class org.quartz.core.SchedulerSignalerImpl
2020-09-04 09:31:54,041 INFO  [main] org.quartz.core.QuartzScheduler [QuartzScheduler.java:243] Quartz Scheduler v.2.1.7 created.
2020-09-04 09:31:54,043 INFO  [main] org.quartz.simpl.RAMJobStore [RAMJobStore.java:154] RAMJobStore initialized.
2020-09-04 09:31:54,045 INFO  [main] org.quartz.core.QuartzScheduler [QuartzScheduler.java:268] Scheduler meta-data: Quartz Scheduler (v2.1.7) 'QuartzScheduler' with instanceId 'NON_CLUSTERED'
  Scheduler class: 'org.quartz.core.QuartzScheduler' - running locally.
  NOT STARTED.
  Currently in standby mode.
  Number of jobs executed: 0
  Using thread pool 'org.quartz.simpl.SimpleThreadPool' - with 1 threads.
  Using job-store 'org.quartz.simpl.RAMJobStore' - which does not support persistence. and is not clustered.

2020-09-04 09:31:54,045 INFO  [main] org.quartz.impl.StdSchedulerFactory [StdSchedulerFactory.java:1324] Quartz scheduler 'QuartzScheduler' initialized from an externally provided properties instance.
2020-09-04 09:31:54,045 INFO  [main] org.quartz.impl.StdSchedulerFactory [StdSchedulerFactory.java:1328] Quartz scheduler version: 2.1.7
2020-09-04 09:31:54,045 INFO  [main] org.quartz.core.QuartzScheduler [QuartzScheduler.java:534] Scheduler QuartzScheduler_$_NON_CLUSTERED started.
2020-09-04 09:31:54,047 INFO  [main] com.aionemu.gameserver.configs.Config [Config.java:35] Loading: mygs.properties
2020-09-04 09:31:54,048 INFO  [main] com.aionemu.gameserver.configs.Config [Config.java:39] No override properties found
2020-09-04 09:31:54,078 INFO  [main] com.aionemu.gameserver.configs.Config [Config.java:50] Loading: ./config/administration/admin.properties
2020-09-04 09:31:54,080 INFO  [main] com.aionemu.gameserver.configs.Config [Config.java:53] Loading: ./config/administration/developer.properties
2020-09-04 09:31:54,089 INFO  [main] com.aionemu.gameserver.configs.Config [Config.java:63] Loading: ./config/main/ai.properties
2020-09-04 09:31:54,092 INFO  [main] com.aionemu.gameserver.configs.Config [Config.java:66] Loading: ./config/main/autogroup.properties
2020-09-04 09:31:54,092 INFO  [main] com.aionemu.gameserver.configs.Config [Config.java:69] Loading: ./config/main/commons.properties
2020-09-04 09:31:54,093 INFO  [main] com.aionemu.gameserver.configs.Config [Config.java:72] Loading: ./config/main/cache.properties
2020-09-04 09:31:54,094 INFO  [main] com.aionemu.gameserver.configs.Config [Config.java:75] Loading: ./config/main/cleaning.properties
2020-09-04 09:31:54,095 INFO  [main] com.aionemu.gameserver.configs.Config [Config.java:78] Loading: ./config/main/craft.properties
2020-09-04 09:31:54,102 INFO  [main] com.aionemu.gameserver.configs.Config [Config.java:81] Loading: ./config/main/custom.properties
2020-09-04 09:31:54,103 INFO  [main] com.aionemu.gameserver.configs.Config [Config.java:84] Loading: ./config/main/drop.properties
2020-09-04 09:31:54,105 INFO  [main] com.aionemu.gameserver.configs.Config [Config.java:87] Loading: ./config/main/enchants.properties
2020-09-04 09:31:54,107 INFO  [main] com.aionemu.gameserver.configs.Config [Config.java:90] Loading: ./config/main/events.properties
2020-09-04 09:31:54,108 INFO  [main] com.aionemu.gameserver.configs.Config [Config.java:93] Loading: ./config/main/falldamage.properties
2020-09-04 09:31:54,110 INFO  [main] com.aionemu.gameserver.configs.Config [Config.java:96] Loading: ./config/main/gameserver.properties
2020-09-04 09:31:54,112 INFO  [main] com.aionemu.gameserver.configs.Config [Config.java:99] Loading: ./config/main/geodata.properties
2020-09-04 09:31:54,113 INFO  [main] com.aionemu.gameserver.configs.Config [Config.java:102] Loading: ./config/main/group.properties
2020-09-04 09:31:54,117 INFO  [main] com.aionemu.gameserver.configs.Config [Config.java:105] Loading: ./config/main/housing.properties
2020-09-04 09:31:54,118 INFO  [main] com.aionemu.gameserver.configs.Config [Config.java:108] Loading: ./config/main/html.properties
2020-09-04 09:31:54,119 INFO  [main] com.aionemu.gameserver.configs.Config [Config.java:111] Loading: ./config/main/ingameshop.properties
2020-09-04 09:31:54,125 INFO  [main] com.aionemu.gameserver.configs.Config [Config.java:114] Loading: ./config/main/legion.properties
2020-09-04 09:31:54,127 INFO  [main] com.aionemu.gameserver.configs.Config [Config.java:117] Loading: ./config/main/logging.properties
2020-09-04 09:31:54,131 INFO  [main] com.aionemu.gameserver.configs.Config [Config.java:120] Loading: ./config/main/membership.properties
2020-09-04 09:31:54,132 INFO  [main] com.aionemu.gameserver.configs.Config [Config.java:123] Loading: ./config/main/name.properties
2020-09-04 09:31:54,133 INFO  [main] com.aionemu.gameserver.configs.Config [Config.java:126] Loading: ./config/main/periodicsave.properties
2020-09-04 09:31:54,135 INFO  [main] com.aionemu.gameserver.configs.Config [Config.java:129] Loading: ./config/main/playertransfer.properties
2020-09-04 09:31:54,136 INFO  [main] com.aionemu.gameserver.configs.Config [Config.java:132] Loading: ./config/main/prices.properties
2020-09-04 09:31:54,137 INFO  [main] com.aionemu.gameserver.configs.Config [Config.java:135] Loading: ./config/main/punishment.properties
2020-09-04 09:31:54,138 INFO  [main] com.aionemu.gameserver.configs.Config [Config.java:138] Loading: ./config/main/ranking.properties
2020-09-04 09:31:54,144 INFO  [main] com.aionemu.gameserver.configs.Config [Config.java:141] Loading: ./config/main/rates.properties
2020-09-04 09:31:54,149 INFO  [main] com.aionemu.gameserver.configs.Config [Config.java:144] Loading: ./config/main/security.properties
2020-09-04 09:31:54,150 INFO  [main] com.aionemu.gameserver.configs.Config [Config.java:147] Loading: ./config/main/shutdown.properties
2020-09-04 09:31:54,152 INFO  [main] com.aionemu.gameserver.configs.Config [Config.java:150] Loading: ./config/main/siege.properties
2020-09-04 09:31:54,153 INFO  [main] com.aionemu.gameserver.configs.Config [Config.java:153] Loading: ./config/main/thread.properties
2020-09-04 09:31:54,154 INFO  [main] com.aionemu.gameserver.configs.Config [Config.java:156] Loading: ./config/main/weddings.properties
2020-09-04 09:31:54,155 INFO  [main] com.aionemu.gameserver.configs.Config [Config.java:159] Loading: ./config/main/world.properties
2020-09-04 09:31:54,156 INFO  [main] com.aionemu.gameserver.configs.Config [Config.java:168] Loading: ./config/network/database.properties
2020-09-04 09:31:54,161 INFO  [main] com.aionemu.gameserver.configs.Config [Config.java:171] Loading: ./config/network/network.properties
2020-09-04 09:31:54,490 INFO  [main] com.aionemu.commons.database.DatabaseFactory [DatabaseFactory.java:107] Successfully connected to database
2020-09-04 09:31:56,551 INFO  [main] com.aionemu.commons.database.dao.DAOManager [DAOManager.java:69] Loaded 50 DAO implementations.
2020-09-04 09:31:56,570 INFO  [main] com.aionemu.gameserver.utils.ThreadPoolManager [ThreadPoolManager.java:63] ThreadPoolManager: Initialized with 24 scheduler, 12 instant, 0 long running, and forking 0 thread(s).
2020-09-04 09:31:56,571 INFO  [main] com.aionemu.gameserver.dataholders.DataManager [DataManager.java:110] ##### Start Loading Static Data 3.5 #####
2020-09-04 09:32:17,523 INFO  [main] com.aionemu.gameserver.services.MotionLoggingService [MotionLoggingService.java:563] MotionLoggingService started.
2020-09-04 09:32:28,472 INFO  [main] com.aionemu.gameserver.dataholders.DataManager [StaticData.java:252] Loaded world maps data: 111 maps
2020-09-04 09:32:28,472 INFO  [main] com.aionemu.gameserver.dataholders.DataManager [StaticData.java:253] Loaded 30 material ids
2020-09-04 09:32:28,473 INFO  [main] com.aionemu.gameserver.dataholders.DataManager [StaticData.java:254] Loaded weather for 23 maps
2020-09-04 09:32:28,473 INFO  [main] com.aionemu.gameserver.dataholders.DataManager [StaticData.java:255] Loaded player exp table: 61 levels
2020-09-04 09:32:28,473 INFO  [main] com.aionemu.gameserver.dataholders.DataManager [StaticData.java:256] Loaded 464 player stat templates
2020-09-04 09:32:28,473 INFO  [main] com.aionemu.gameserver.dataholders.DataManager [StaticData.java:257] Loaded 351 summon stat templates
2020-09-04 09:32:28,473 INFO  [main] com.aionemu.gameserver.dataholders.DataManager [StaticData.java:258] Loaded 1 item cleanup entries
2020-09-04 09:32:28,473 INFO  [main] com.aionemu.gameserver.dataholders.DataManager [StaticData.java:259] Loaded 71283 item templates
2020-09-04 09:32:28,473 INFO  [main] com.aionemu.gameserver.dataholders.DataManager [StaticData.java:260] Loaded 77 item bonus templates
2020-09-04 09:32:28,473 INFO  [main] com.aionemu.gameserver.dataholders.DataManager [StaticData.java:261] Loaded 4765 bonus item group templates and 785 pet food items
2020-09-04 09:32:28,473 INFO  [main] com.aionemu.gameserver.dataholders.DataManager [StaticData.java:263] Loaded 37463 npc templates
2020-09-04 09:32:28,474 INFO  [main] com.aionemu.gameserver.dataholders.DataManager [StaticData.java:264] Loaded 12 system mail templates
2020-09-04 09:32:28,474 INFO  [main] com.aionemu.gameserver.dataholders.DataManager [StaticData.java:265] Loaded 3133 npc shout templates
2020-09-04 09:32:28,474 INFO  [main] com.aionemu.gameserver.dataholders.DataManager [StaticData.java:266] Loaded 160 pet templates 30 food flavours
2020-09-04 09:32:28,474 INFO  [main] com.aionemu.gameserver.dataholders.DataManager [StaticData.java:267] Loaded 31 pet doping templates
2020-09-04 09:32:28,474 INFO  [main] com.aionemu.gameserver.dataholders.DataManager [StaticData.java:268] Loaded 4 initial player templates
2020-09-04 09:32:28,474 INFO  [main] com.aionemu.gameserver.dataholders.DataManager [StaticData.java:269] Loaded 1063 trade lists
2020-09-04 09:32:28,474 INFO  [main] com.aionemu.gameserver.dataholders.DataManager [StaticData.java:270] Loaded 234 npc teleporter templates
2020-09-04 09:32:28,474 INFO  [main] com.aionemu.gameserver.dataholders.DataManager [StaticData.java:271] Loaded 198 teleport locations
2020-09-04 09:32:28,474 INFO  [main] com.aionemu.gameserver.dataholders.DataManager [StaticData.java:272] Loaded 8774 skill templates
2020-09-04 09:32:28,474 INFO  [main] com.aionemu.gameserver.dataholders.DataManager [StaticData.java:273] Loaded 132 motion times
2020-09-04 09:32:28,475 INFO  [main] com.aionemu.gameserver.dataholders.DataManager [StaticData.java:274] Loaded 8589 skill learn entries
2020-09-04 09:32:28,475 INFO  [main] com.aionemu.gameserver.dataholders.DataManager [StaticData.java:275] Loaded 7 cube expand entries
2020-09-04 09:32:28,475 INFO  [main] com.aionemu.gameserver.dataholders.DataManager [StaticData.java:276] Loaded 101 warehouse expand entries
2020-09-04 09:32:28,475 INFO  [main] com.aionemu.gameserver.dataholders.DataManager [StaticData.java:277] Loaded 94 bind point entries
2020-09-04 09:32:28,475 INFO  [main] com.aionemu.gameserver.dataholders.DataManager [StaticData.java:278] Loaded 5936 quest data entries
2020-09-04 09:32:28,475 INFO  [main] com.aionemu.gameserver.dataholders.DataManager [StaticData.java:279] Loaded 663 gatherable entries
2020-09-04 09:32:28,475 INFO  [main] com.aionemu.gameserver.dataholders.DataManager [StaticData.java:280] Loaded 255 title entries
2020-09-04 09:32:28,475 INFO  [main] com.aionemu.gameserver.dataholders.DataManager [StaticData.java:281] Loaded 6429 walker routes
2020-09-04 09:32:28,475 INFO  [main] com.aionemu.gameserver.dataholders.DataManager [StaticData.java:282] Loaded 3267 zone entries
2020-09-04 09:32:28,476 INFO  [main] com.aionemu.gameserver.dataholders.DataManager [StaticData.java:283] Loaded 1862 goodslist entries
2020-09-04 09:32:28,476 INFO  [main] com.aionemu.gameserver.dataholders.DataManager [StaticData.java:284] Loaded 424 tribe relation entries
2020-09-04 09:32:28,476 INFO  [main] com.aionemu.gameserver.dataholders.DataManager [StaticData.java:285] Loaded 9409 recipe entries
2020-09-04 09:32:28,476 INFO  [main] com.aionemu.gameserver.dataholders.DataManager [StaticData.java:286] Loaded 105 chest locations
2020-09-04 09:32:28,476 INFO  [main] com.aionemu.gameserver.dataholders.DataManager [StaticData.java:287] Loaded 44 static door locations
2020-09-04 09:32:28,476 INFO  [main] com.aionemu.gameserver.dataholders.DataManager [StaticData.java:288] Loaded 306 item set entries
2020-09-04 09:32:28,476 INFO  [main] com.aionemu.gameserver.dataholders.DataManager [StaticData.java:289] Loaded 14 npc factions
2020-09-04 09:32:28,476 INFO  [main] com.aionemu.gameserver.dataholders.DataManager [StaticData.java:290] Loaded 10169 npc skill list entries
2020-09-04 09:32:28,476 INFO  [main] com.aionemu.gameserver.dataholders.DataManager [StaticData.java:291] Loaded 20 pet skill list entries
2020-09-04 09:32:28,476 INFO  [main] com.aionemu.gameserver.dataholders.DataManager [StaticData.java:292] Loaded 69 siege location entries
2020-09-04 09:32:28,476 INFO  [main] com.aionemu.gameserver.dataholders.DataManager [StaticData.java:293] Loaded 2 vortex entries
2020-09-04 09:32:28,477 INFO  [main] com.aionemu.gameserver.dataholders.DataManager [StaticData.java:294] Loaded 36 rift entries
2020-09-04 09:32:28,477 INFO  [main] com.aionemu.gameserver.dataholders.DataManager [StaticData.java:295] Loaded 70 fly ring entries
2020-09-04 09:32:28,477 INFO  [main] com.aionemu.gameserver.dataholders.DataManager [StaticData.java:296] Loaded 9 shield entries
2020-09-04 09:32:28,477 INFO  [main] com.aionemu.gameserver.dataholders.DataManager [StaticData.java:297] Loaded 160 pet entries
2020-09-04 09:32:28,477 INFO  [main] com.aionemu.gameserver.dataholders.DataManager [StaticData.java:298] Loaded 22 guide entries
2020-09-04 09:32:28,477 INFO  [main] com.aionemu.gameserver.dataholders.DataManager [StaticData.java:299] Loaded 10 road entries
2020-09-04 09:32:28,477 INFO  [main] com.aionemu.gameserver.dataholders.DataManager [StaticData.java:300] Loaded 83 instance cooltime entries
2020-09-04 09:32:28,477 INFO  [main] com.aionemu.gameserver.dataholders.DataManager [StaticData.java:301] Loaded 1950 decomposable items entries
2020-09-04 09:32:28,477 INFO  [main] com.aionemu.gameserver.dataholders.DataManager [StaticData.java:302] Loaded 59 ai templates
2020-09-04 09:32:28,477 INFO  [main] com.aionemu.gameserver.dataholders.DataManager [StaticData.java:303] Loaded 240 flypath templates
2020-09-04 09:32:28,478 INFO  [main] com.aionemu.gameserver.dataholders.DataManager [StaticData.java:304] Loaded 8 windstream entries
2020-09-04 09:32:28,478 INFO  [main] com.aionemu.gameserver.dataholders.DataManager [StaticData.java:305] Loaded 20 assembled npcs entries
2020-09-04 09:32:28,478 INFO  [main] com.aionemu.gameserver.dataholders.DataManager [StaticData.java:306] Loaded 366 cosmetic items entries
2020-09-04 09:32:28,478 INFO  [main] com.aionemu.gameserver.dataholders.DataManager [StaticData.java:307] Loaded 17086 npc drop entries
2020-09-04 09:32:28,478 INFO  [main] com.aionemu.gameserver.dataholders.DataManager [StaticData.java:308] Loaded 40 auto group entries
2020-09-04 09:32:28,478 INFO  [main] com.aionemu.gameserver.dataholders.DataManager [StaticData.java:309] Loaded 100 spawn maps entries
2020-09-04 09:32:28,478 INFO  [main] com.aionemu.gameserver.dataholders.DataManager [StaticData.java:310] Loaded 4 active events
2020-09-04 09:32:28,478 INFO  [main] com.aionemu.gameserver.dataholders.DataManager [StaticData.java:311] Loaded 20 skill panel entries
2020-09-04 09:32:28,478 INFO  [main] com.aionemu.gameserver.dataholders.DataManager [StaticData.java:312] Loaded 9 instance Buffs entries
2020-09-04 09:32:28,478 INFO  [main] com.aionemu.gameserver.dataholders.DataManager [StaticData.java:313] Loaded 1420 housing object entries
2020-09-04 09:32:28,478 INFO  [main] com.aionemu.gameserver.dataholders.DataManager [StaticData.java:314] Loaded 40 ride info entries
2020-09-04 09:32:28,479 INFO  [main] com.aionemu.gameserver.dataholders.DataManager [StaticData.java:315] Loaded 102 instance exit entries
2020-09-04 09:32:28,479 INFO  [main] com.aionemu.gameserver.dataholders.DataManager [StaticData.java:316] Loaded 300 portal loc entries
2020-09-04 09:32:28,479 INFO  [main] com.aionemu.gameserver.dataholders.DataManager [StaticData.java:317] Loaded 362 portal templates2 entries
2020-09-04 09:32:28,479 INFO  [main] com.aionemu.gameserver.dataholders.DataManager [StaticData.java:318] Loaded 20 housing lands
2020-09-04 09:32:28,479 INFO  [main] com.aionemu.gameserver.dataholders.DataManager [StaticData.java:319] Loaded 9 house building styles
2020-09-04 09:32:28,479 INFO  [main] com.aionemu.gameserver.dataholders.DataManager [StaticData.java:320] Loaded 265 house parts
2020-09-04 09:32:28,479 INFO  [main] com.aionemu.gameserver.dataholders.DataManager [StaticData.java:321] Loaded 3096 house spawns
2020-09-04 09:32:28,479 INFO  [main] com.aionemu.gameserver.dataholders.DataManager [StaticData.java:322] Loaded 19 house default scripts
2020-09-04 09:32:28,479 INFO  [main] com.aionemu.gameserver.dataholders.DataManager [StaticData.java:323] Loaded 10 curing Objects entries
2020-09-04 09:32:28,480 INFO  [main] com.aionemu.gameserver.dataholders.DataManager [StaticData.java:324] Loaded 30 assembly items entries
2020-09-04 09:32:28,480 INFO  [main] com.aionemu.gameserver.dataholders.DataManager [StaticData.java:325] Loaded 120 challenge tasks entries
2020-09-04 09:32:28,482 INFO  [main] com.aionemu.gameserver.dataholders.DataManager [StaticData.java:326] Loaded 2951 town spawns
2020-09-04 09:32:28,483 INFO  [main] com.aionemu.gameserver.dataholders.DataManager [StaticData.java:327] Loaded 7 event engine holders.
2020-09-04 09:32:28,546 INFO  [main] com.aionemu.gameserver.dataholders.DataManager [DataManager.java:201] ##### [Static Data loaded in: 31 seconds] #####
2020-09-04 09:32:28,546 INFO  [main] com.aionemu.gameserver.dataholders.DataManager [DataManager.java:202] ##### End Loading Static Data 3.5 #####
2020-09-04 09:32:28,609 INFO  [main] com.aionemu.gameserver.utils.idfactory.IDFactory [IDFactory.java:67] IDFactory: 51 id's used.
2020-09-04 09:32:28,614 INFO  [main] com.aionemu.gameserver.world.zone.ZoneService [ZoneService.java:126] Zone engine load started
2020-09-04 09:32:28,884 INFO  [main] com.aionemu.gameserver.world.zone.ZoneService [ZoneService.java:137] Loaded 5 zone handlers.
2020-09-04 09:32:28,887 INFO  [main] com.aionemu.gameserver.world.geo.GeoService [GeoService.java:34] Configured Geo type: GEO_MESHES
2020-09-04 09:32:28,887 INFO  [main] com.aionemu.gameserver.world.geo.RealGeoData [RealGeoData.java:72] Loading meshes..
2020-09-04 09:32:31,983 INFO  [main] com.aionemu.gameserver.world.geo.RealGeoData [RealGeoData.java:43] Loading geo maps..
2020-09-04 09:32:35,684 INFO  [main] com.aionemu.gameserver.world.geo.RealGeoData [RealGeoData.java:36] Geodata: 111 geo maps loaded!
2020-09-04 09:32:36,636 INFO  [main] com.aionemu.gameserver.world.World [World.java:79] World: 111 worlds map created.
2020-09-04 09:32:36,751 INFO  [InstantPool-2] com.aionemu.gameserver.instance.InstanceEngine [InstanceEngine.java:38] Instance engine load started
2020-09-04 09:32:36,751 INFO  [InstantPool-3] com.aionemu.gameserver.ai2.AI2Engine [AI2Engine.java:42] AI2 engine load started
2020-09-04 09:32:36,751 INFO  [InstantPool-1] com.aionemu.gameserver.questEngine.QuestEngine [QuestEngine.java:939] Quest engine load started
2020-09-04 09:32:38,180 INFO  [InstantPool-2] com.aionemu.gameserver.instance.InstanceEngine [InstanceEngine.java:49] Loaded 50 instance handlers.
2020-09-04 09:32:39,491 INFO  [InstantPool-5] com.aionemu.gameserver.services.AnnouncementService [AnnouncementService.java:101] Loaded 0 announcements
2020-09-04 09:32:40,130 INFO  [InstantPool-3] com.aionemu.gameserver.ai2.AI2Engine [AI2Engine.java:53] Loaded 316 ai handlers.
2020-09-04 09:32:41,639 INFO  [InstantPool-1] com.aionemu.gameserver.questEngine.QuestEngine [QuestEngine.java:962] Loaded 5118 quest handlers.
2020-09-04 09:32:41,645 INFO  [main] SIEGE_LOG [SiegeService.java:119] Initializing sieges...
2020-09-04 09:32:41,807 INFO  [main] com.aionemu.gameserver.spawnengine.SpawnEngine [SpawnEngine.java:267] Spawned 110010000 [1] : 342
2020-09-04 09:32:41,809 INFO  [main] com.aionemu.gameserver.services.HousingService [HousingService.java:65] Loading housing data...
2020-09-04 09:32:41,811 INFO  [main] com.aionemu.gameserver.services.HousingService [HousingService.java:68] Housing Service loaded.
2020-09-04 09:32:41,814 INFO  [main] com.aionemu.gameserver.spawnengine.SpawnEngine [SpawnEngine.java:267] Spawned 110020000 [1] : 28
2020-09-04 09:32:41,820 INFO  [main] com.aionemu.gameserver.spawnengine.SpawnEngine [SpawnEngine.java:267] Spawned 110070000 [1] : 61
2020-09-04 09:32:41,849 INFO  [main] com.aionemu.gameserver.spawnengine.SpawnEngine [SpawnEngine.java:267] Spawned 120010000 [1] : 376
2020-09-04 09:32:41,851 INFO  [main] com.aionemu.gameserver.spawnengine.SpawnEngine [SpawnEngine.java:267] Spawned 120020000 [1] : 28
2020-09-04 09:32:41,855 INFO  [main] com.aionemu.gameserver.spawnengine.SpawnEngine [SpawnEngine.java:267] Spawned 120080000 [1] : 56
2020-09-04 09:32:41,960 INFO  [main] com.aionemu.gameserver.spawnengine.SpawnEngine [SpawnEngine.java:267] Spawned 210010000 [1] : 1121
2020-09-04 09:32:42,176 INFO  [main] com.aionemu.gameserver.spawnengine.SpawnEngine [SpawnEngine.java:267] Spawned 210020000 [1] : 6683
2020-09-04 09:32:42,239 INFO  [main] com.aionemu.gameserver.spawnengine.SpawnEngine [SpawnEngine.java:267] Spawned 210030000 [1] : 2727
2020-09-04 09:32:42,407 INFO  [main] com.aionemu.gameserver.spawnengine.SpawnEngine [SpawnEngine.java:267] Spawned 210040000 [1] : 8522
2020-09-04 09:32:42,436 INFO  [main] com.aionemu.gameserver.services.HousingService [HousingService.java:137] Spawned houses 210040000 [1] : 9
2020-09-04 09:32:42,640 INFO  [main] com.aionemu.gameserver.spawnengine.SpawnEngine [SpawnEngine.java:267] Spawned 210050000 [1] : 8350
2020-09-04 09:32:42,645 INFO  [main] com.aionemu.gameserver.services.HousingService [HousingService.java:137] Spawned houses 210050000 [1] : 6
2020-09-04 09:32:42,765 INFO  [main] com.aionemu.gameserver.spawnengine.SpawnEngine [SpawnEngine.java:267] Spawned 210060000 [1] : 7881
2020-09-04 09:32:42,789 INFO  [main] com.aionemu.gameserver.spawnengine.SpawnEngine [SpawnEngine.java:267] Spawned 220010000 [1] : 1487
2020-09-04 09:32:42,868 INFO  [main] com.aionemu.gameserver.spawnengine.SpawnEngine [SpawnEngine.java:267] Spawned 220020000 [1] : 7756
2020-09-04 09:32:42,893 INFO  [main] com.aionemu.gameserver.spawnengine.SpawnEngine [SpawnEngine.java:267] Spawned 220030000 [1] : 3309
2020-09-04 09:32:42,955 INFO  [main] com.aionemu.gameserver.spawnengine.SpawnEngine [SpawnEngine.java:267] Spawned 220040000 [1] : 8452
2020-09-04 09:32:42,959 INFO  [main] com.aionemu.gameserver.services.HousingService [HousingService.java:137] Spawned houses 220040000 [1] : 9
2020-09-04 09:32:43,009 INFO  [main] com.aionemu.gameserver.spawnengine.SpawnEngine [SpawnEngine.java:267] Spawned 220050000 [1] : 8673
2020-09-04 09:32:43,046 INFO  [main] com.aionemu.gameserver.taskmanager.AbstractPeriodicTaskManager [AbstractPeriodicTaskManager.java:25] PacketBroadcaster: Initialized.
2020-09-04 09:32:43,138 INFO  [main] com.aionemu.gameserver.spawnengine.SpawnEngine [SpawnEngine.java:267] Spawned 220070000 [1] : 8121
2020-09-04 09:32:43,141 INFO  [main] com.aionemu.gameserver.services.HousingService [HousingService.java:137] Spawned houses 220070000 [1] : 6
2020-09-04 09:32:43,141 INFO  [main] com.aionemu.gameserver.spawnengine.SpawnEngine [SpawnEngine.java:267] Spawned 300010000 [1] : 0
2020-09-04 09:32:43,141 INFO  [main] com.aionemu.gameserver.spawnengine.SpawnEngine [SpawnEngine.java:267] Spawned 300020000 [1] : 0
2020-09-04 09:32:43,141 INFO  [main] com.aionemu.gameserver.spawnengine.SpawnEngine [SpawnEngine.java:267] Spawned 320060000 [1] : 0
2020-09-04 09:32:43,211 INFO  [main] com.aionemu.gameserver.spawnengine.SpawnEngine [SpawnEngine.java:267] Spawned 400010000 [1] : 10229
2020-09-04 09:32:43,212 INFO  [main] com.aionemu.gameserver.spawnengine.SpawnEngine [SpawnEngine.java:267] Spawned 510010000 [1] : 0
2020-09-04 09:32:43,212 INFO  [main] com.aionemu.gameserver.spawnengine.SpawnEngine [SpawnEngine.java:267] Spawned 520010000 [1] : 0
2020-09-04 09:32:43,217 INFO  [main] com.aionemu.gameserver.spawnengine.SpawnEngine [SpawnEngine.java:267] Spawned 600010000 [1] : 394
2020-09-04 09:32:43,233 INFO  [main] com.aionemu.gameserver.spawnengine.StaticDoorSpawnManager [StaticDoorSpawnManager.java:48] Spawned static doors: 600020000 [1] : 3
2020-09-04 09:32:43,319 INFO  [main] com.aionemu.gameserver.spawnengine.SpawnEngine [SpawnEngine.java:267] Spawned 600020000 [1] : 5570
2020-09-04 09:32:43,339 INFO  [main] com.aionemu.gameserver.spawnengine.StaticDoorSpawnManager [StaticDoorSpawnManager.java:48] Spawned static doors: 600030000 [1] : 1
2020-09-04 09:32:43,587 INFO  [main] com.aionemu.gameserver.taskmanager.AbstractPeriodicTaskManager [AbstractPeriodicTaskManager.java:25] MoveTaskManager: Initialized.
2020-09-04 09:32:43,599 INFO  [main] com.aionemu.gameserver.spawnengine.SpawnEngine [SpawnEngine.java:267] Spawned 600030000 [1] : 7606
2020-09-04 09:32:43,607 INFO  [main] com.aionemu.gameserver.spawnengine.SpawnEngine [SpawnEngine.java:267] Spawned 600040000 [1] : 812
2020-09-04 09:32:43,629 INFO  [main] com.aionemu.gameserver.spawnengine.SpawnEngine [SpawnEngine.java:267] Spawned 700010000 [1] : 1724
2020-09-04 09:32:43,781 INFO  [main] com.aionemu.gameserver.services.HousingService [HousingService.java:137] Spawned houses 700010000 [1] : 500
2020-09-04 09:32:43,781 INFO  [main] com.aionemu.gameserver.spawnengine.SpawnEngine [SpawnEngine.java:267] Spawned 700020000 [1] : 0
2020-09-04 09:32:43,803 INFO  [main] com.aionemu.gameserver.spawnengine.SpawnEngine [SpawnEngine.java:267] Spawned 710010000 [1] : 1506
2020-09-04 09:32:43,943 INFO  [main] com.aionemu.gameserver.services.HousingService [HousingService.java:137] Spawned houses 710010000 [1] : 500
2020-09-04 09:32:43,944 INFO  [main] com.aionemu.gameserver.spawnengine.SpawnEngine [SpawnEngine.java:267] Spawned 710020000 [1] : 0
2020-09-04 09:32:43,944 INFO  [main] com.aionemu.gameserver.spawnengine.SpawnEngine [SpawnEngine.java:267] Spawned 900110000 [1] : 0
2020-09-04 09:32:43,954 INFO  [main] com.aionemu.gameserver.spawnengine.SpawnEngine [SpawnEngine.java:282] Loaded 80029 npc spawns
2020-09-04 09:32:43,954 INFO  [main] com.aionemu.gameserver.spawnengine.SpawnEngine [SpawnEngine.java:283] Loaded 18300 gatherable spawns
2020-09-04 09:32:44,226 INFO  [main] com.aionemu.gameserver.services.LimitedItemTradeService [LimitedItemTradeService.java:66] Scheduled Limited Items based on cron expression size: 81
2020-09-04 09:32:44,378 INFO  [main] com.aionemu.gameserver.services.GameTimeService [GameTimeService.java:47] GameTimeService started. Update interval:180000
2020-09-04 09:32:44,379 INFO  [main] com.aionemu.gameserver.services.DebugService [DebugService.java:35] DebugService started. Analyze iterval: 1800000
2020-09-04 09:32:44,383 INFO  [main] EXCHANGE_LOG [BrokerService.java:79] Loading broker...
2020-09-04 09:32:44,398 INFO  [main] EXCHANGE_LOG [BrokerService.java:108] Broker loaded with 0 broker items, 0 settled items.
2020-09-04 09:32:44,399 INFO  [main] com.aionemu.gameserver.taskmanager.AbstractPeriodicTaskManager [AbstractPeriodicTaskManager.java:25] BrokerPeriodicTaskManager: Initialized.
2020-09-04 09:32:44,401 INFO  [main] com.aionemu.gameserver.taskmanager.AbstractPeriodicTaskManager [AbstractPeriodicTaskManager.java:25] ExchangePeriodicTaskManager: Initialized.
2020-09-04 09:32:44,403 INFO  [main] com.aionemu.gameserver.services.PetitionService [PetitionService.java:35] Loading PetitionService ...
2020-09-04 09:32:44,415 INFO  [main] com.aionemu.gameserver.services.PetitionService [PetitionService.java:40] Successfully loaded 0 database petitions
2020-09-04 09:32:44,541 INFO  [main] com.aionemu.gameserver.services.CuringZoneService [CuringZoneService.java:30] spawned Curing Zones
2020-09-04 09:32:44,546 INFO  [main] com.aionemu.gameserver.cache.HTMLCache [HTMLCache.java:74] Cache[HTML]: Caching started... OK.
2020-09-04 09:32:44,548 INFO  [main] com.aionemu.gameserver.cache.HTMLCache [HTMLCache.java:104] Cache[HTML]: 10,515 kilobytes on 7 file(s) loaded.
2020-09-04 09:32:44,548 INFO  [main] com.aionemu.gameserver.cache.HTMLCache [HTMLCache.java:110] Cache[HTML]: Compacting htmls... OK.
2020-09-04 09:32:44,551 INFO  [main] com.aionemu.gameserver.cache.HTMLCache [HTMLCache.java:129] Cache[HTML]: 8,605 kilobytes on 7 file(s) loaded.
2020-09-04 09:32:44,551 INFO  [main] com.aionemu.gameserver.cache.HTMLCache [HTMLCache.java:133] Cache[HTML]: Creating cache file... OK.
2020-09-04 09:32:44,558 INFO  [main] com.aionemu.gameserver.services.abyss.AbyssRankUpdateService [AbyssRankUpdateService.java:54] AbyssRankUpdateService: executing rank update
2020-09-04 09:32:44,563 INFO  [main] com.aionemu.gameserver.services.abyss.AbyssRankingCache [AbyssRankingCache.java:36] Updating abyss ranking cache
2020-09-04 09:32:44,653 INFO  [main] com.aionemu.gameserver.services.LegionService [LegionService.java:1018] Legion ranking update task started
2020-09-04 09:32:44,653 INFO  [main] com.aionemu.gameserver.services.LegionService [LegionService.java:1036] Legion ranking update: 0 ms, legions: 0
2020-09-04 09:32:44,654 INFO  [main] com.aionemu.gameserver.services.abyss.AbyssRankUpdateService [AbyssRankUpdateService.java:68] AbyssRankUpdateService: execution time: 0
2020-09-04 09:32:44,654 INFO  [main] com.aionemu.gameserver.services.abyss.AbyssRankUpdateService [AbyssRankUpdateService.java:41] Starting ranking update task based on cron expression: 0 0 0 * * ?
2020-09-04 09:32:44,663 INFO  [main] com.aionemu.gameserver.taskmanager.fromdb.TaskFromDBManager [TaskFromDBManager.java:21] Loaded 0 task from the database
2020-09-04 09:32:44,675 INFO  [main] com.aionemu.gameserver.services.instance.DredgionService2 [DredgionService2.java:49] Scheduled Dredgion: based on cron expression: 0 0 0,12,20 ? * * Duration: 120 in minutes
2020-09-04 09:32:44,683 INFO  [pool-3-thread-17] com.aionemu.gameserver.model.templates.event.EventTemplate [EventTemplate.java:153] Spawned event objects in 110010000 [1] : 1 (Novice Event)
2020-09-04 09:32:44,684 INFO  [pool-3-thread-17] com.aionemu.gameserver.model.templates.event.EventTemplate [EventTemplate.java:153] Spawned event objects in 210010000 [1] : 1 (Novice Event)
2020-09-04 09:32:44,685 INFO  [pool-3-thread-17] com.aionemu.gameserver.model.templates.event.EventTemplate [EventTemplate.java:153] Spawned event objects in 120010000 [1] : 1 (Novice Event)
2020-09-04 09:32:44,686 INFO  [pool-3-thread-17] com.aionemu.gameserver.model.templates.event.EventTemplate [EventTemplate.java:153] Spawned event objects in 220010000 [1] : 1 (Novice Event)
2020-09-04 09:32:44,686 INFO  [main] com.aionemu.gameserver.services.transfers.PlayerTransferService [PlayerTransferService.java:52] PlayerTransferService loaded. With 0 restricted skills.
2020-09-04 09:32:44,690 INFO  [main] HOUSE_AUCTION_LOG [HousingBidService.java:119] Loading house bids...
2020-09-04 09:32:44,692 INFO  [pool-3-thread-17] com.aionemu.gameserver.model.templates.event.EventTemplate [EventTemplate.java:153] Spawned event objects in 110010000 [1] : 2 (World Blessers)
2020-09-04 09:32:44,692 INFO  [pool-3-thread-17] com.aionemu.gameserver.model.templates.event.EventTemplate [EventTemplate.java:153] Spawned event objects in 120010000 [1] : 2 (World Blessers)
2020-09-04 09:32:44,692 INFO  [pool-3-thread-17] com.aionemu.gameserver.model.templates.event.EventTemplate [EventTemplate.java:153] Spawned event objects in 210010000 [1] : 3 (World Blessers)
2020-09-04 09:32:44,693 INFO  [pool-3-thread-17] com.aionemu.gameserver.model.templates.event.EventTemplate [EventTemplate.java:153] Spawned event objects in 220010000 [1] : 3 (World Blessers)
2020-09-04 09:32:44,694 INFO  [pool-3-thread-17] com.aionemu.gameserver.model.templates.event.EventTemplate [EventTemplate.java:153] Spawned event objects in 210030000 [1] : 5 (World Blessers)
2020-09-04 09:32:44,694 INFO  [pool-3-thread-17] com.aionemu.gameserver.model.templates.event.EventTemplate [EventTemplate.java:153] Spawned event objects in 220030000 [1] : 5 (World Blessers)
2020-09-04 09:32:44,694 INFO  [pool-3-thread-17] com.aionemu.gameserver.model.templates.event.EventTemplate [EventTemplate.java:153] Spawned event objects in 210020000 [1] : 6 (World Blessers)
2020-09-04 09:32:44,695 INFO  [pool-3-thread-17] com.aionemu.gameserver.model.templates.event.EventTemplate [EventTemplate.java:153] Spawned event objects in 220020000 [1] : 7 (World Blessers)
2020-09-04 09:32:44,695 INFO  [pool-3-thread-17] com.aionemu.gameserver.model.templates.event.EventTemplate [EventTemplate.java:153] Spawned event objects in 210060000 [1] : 7 (World Blessers)
2020-09-04 09:32:44,695 INFO  [pool-3-thread-17] com.aionemu.gameserver.model.templates.event.EventTemplate [EventTemplate.java:153] Spawned event objects in 220050000 [1] : 6 (World Blessers)
2020-09-04 09:32:44,696 INFO  [pool-3-thread-17] com.aionemu.gameserver.model.templates.event.EventTemplate [EventTemplate.java:153] Spawned event objects in 210040000 [1] : 9 (World Blessers)
2020-09-04 09:32:44,696 INFO  [pool-3-thread-17] com.aionemu.gameserver.model.templates.event.EventTemplate [EventTemplate.java:153] Spawned event objects in 220040000 [1] : 6 (World Blessers)
2020-09-04 09:32:44,696 INFO  [pool-3-thread-17] com.aionemu.gameserver.model.templates.event.EventTemplate [EventTemplate.java:153] Spawned event objects in 210050000 [1] : 4 (World Blessers)
2020-09-04 09:32:44,696 INFO  [pool-3-thread-17] com.aionemu.gameserver.model.templates.event.EventTemplate [EventTemplate.java:153] Spawned event objects in 220070000 [1] : 4 (World Blessers)
2020-09-04 09:32:44,697 INFO  [pool-3-thread-17] com.aionemu.gameserver.model.templates.event.EventTemplate [EventTemplate.java:153] Spawned event objects in 400010000 [1] : 2 (World Blessers)
2020-09-04 09:32:44,697 INFO  [pool-3-thread-17] com.aionemu.gameserver.model.templates.event.EventTemplate [EventTemplate.java:153] Spawned event objects in 600020000 [1] : 2 (World Blessers)
2020-09-04 09:32:44,697 INFO  [pool-3-thread-17] com.aionemu.gameserver.model.templates.event.EventTemplate [EventTemplate.java:153] Spawned event objects in 600030000 [1] : 2 (World Blessers)
2020-09-04 09:32:44,700 INFO  [pool-3-thread-17] com.aionemu.gameserver.model.templates.event.EventTemplate [EventTemplate.java:153] Spawned event objects in 110010000 [1] : 8 (Code Red: Atreia)
2020-09-04 09:32:44,700 INFO  [pool-3-thread-17] com.aionemu.gameserver.model.templates.event.EventTemplate [EventTemplate.java:153] Spawned event objects in 210030000 [1] : 8 (Code Red: Atreia)
2020-09-04 09:32:44,700 INFO  [pool-3-thread-17] com.aionemu.gameserver.model.templates.event.EventTemplate [EventTemplate.java:153] Spawned event objects in 210020000 [1] : 8 (Code Red: Atreia)
2020-09-04 09:32:44,701 INFO  [pool-3-thread-17] com.aionemu.gameserver.model.templates.event.EventTemplate [EventTemplate.java:153] Spawned event objects in 210040000 [1] : 8 (Code Red: Atreia)
2020-09-04 09:32:44,701 INFO  [pool-3-thread-17] com.aionemu.gameserver.model.templates.event.EventTemplate [EventTemplate.java:153] Spawned event objects in 210050000 [1] : 8 (Code Red: Atreia)
2020-09-04 09:32:44,701 INFO  [pool-3-thread-17] com.aionemu.gameserver.model.templates.event.EventTemplate [EventTemplate.java:153] Spawned event objects in 210060000 [1] : 8 (Code Red: Atreia)
2020-09-04 09:32:44,702 INFO  [pool-3-thread-17] com.aionemu.gameserver.model.templates.event.EventTemplate [EventTemplate.java:153] Spawned event objects in 120010000 [1] : 8 (Code Red: Atreia)
2020-09-04 09:32:44,702 INFO  [pool-3-thread-17] com.aionemu.gameserver.model.templates.event.EventTemplate [EventTemplate.java:153] Spawned event objects in 220030000 [1] : 8 (Code Red: Atreia)
2020-09-04 09:32:44,702 INFO  [pool-3-thread-17] com.aionemu.gameserver.model.templates.event.EventTemplate [EventTemplate.java:153] Spawned event objects in 220020000 [1] : 8 (Code Red: Atreia)
2020-09-04 09:32:44,702 INFO  [pool-3-thread-17] com.aionemu.gameserver.model.templates.event.EventTemplate [EventTemplate.java:153] Spawned event objects in 220040000 [1] : 8 (Code Red: Atreia)
2020-09-04 09:32:44,703 INFO  [pool-3-thread-17] com.aionemu.gameserver.model.templates.event.EventTemplate [EventTemplate.java:153] Spawned event objects in 220050000 [1] : 8 (Code Red: Atreia)
2020-09-04 09:32:44,703 INFO  [pool-3-thread-17] com.aionemu.gameserver.model.templates.event.EventTemplate [EventTemplate.java:153] Spawned event objects in 220070000 [1] : 8 (Code Red: Atreia)
2020-09-04 09:32:44,703 INFO  [pool-3-thread-17] com.aionemu.gameserver.model.templates.event.EventTemplate [EventTemplate.java:153] Spawned event objects in 400010000 [1] : 16 (Code Red: Atreia)
2020-09-04 09:32:44,704 INFO  [pool-3-thread-17] com.aionemu.gameserver.model.templates.event.EventTemplate [EventTemplate.java:153] Spawned event objects in 600020000 [1] : 16 (Code Red: Atreia)
2020-09-04 09:32:44,704 INFO  [pool-3-thread-17] com.aionemu.gameserver.model.templates.event.EventTemplate [EventTemplate.java:153] Spawned event objects in 600030000 [1] : 16 (Code Red: Atreia)
2020-09-04 09:32:44,727 INFO  [main] HOUSE_AUCTION_LOG [HousingBidService.java:122] HousingBidService: auction auto filling enabled.
2020-09-04 09:32:51,176 INFO  [main] HOUSE_AUCTION_LOG [HousingBidService.java:124] HousingBidService: added 72 new house bids.
2020-09-04 09:32:51,176 INFO  [main] HOUSE_AUCTION_LOG [HousingBidService.java:126] HousingBidService loaded. Minutes till start: 3032
2020-09-04 09:32:51,200 INFO  [main] com.aionemu.gameserver.model.house.MaintenanceTask [MaintenanceTask.java:80] Initializing House maintenance task...
2020-09-04 09:32:51,223 INFO  [main] com.aionemu.gameserver.services.TownService [TownService.java:69] Loaded 25 elyos towns.
2020-09-04 09:32:51,223 INFO  [main] com.aionemu.gameserver.services.TownService [TownService.java:70] Loaded 25 asmodians towns.
2020-09-04 09:32:51,225 INFO  [main] com.aionemu.gameserver.services.ChallengeTaskService [ChallengeTaskService.java:57] ChallengeTaskService initialized.
2020-09-04 09:32:51,231 ERROR [main] com.aionemu.commons.versionning.Version [Version.java:46] Unable to get Soft information
File name 'F:\projectaion\aelp\AL-Game\target\classes' isn't a valid jar
java.io.FileNotFoundException: F:\projectaion\aelp\AL-Game\target\classes (Acesso negado)
	at java.util.zip.ZipFile.open(Native Method) ~[na:1.7.0_80]
	at java.util.zip.ZipFile.<init>(ZipFile.java:215) ~[na:1.7.0_80]
	at java.util.zip.ZipFile.<init>(ZipFile.java:145) ~[na:1.7.0_80]
	at java.util.jar.JarFile.<init>(JarFile.java:154) ~[na:1.7.0_80]
	at java.util.jar.JarFile.<init>(JarFile.java:118) ~[na:1.7.0_80]
	at com.aionemu.commons.versionning.Version.loadInformation(Version.java:37) [al-commons-1.3.jar:na]
	at com.aionemu.commons.versionning.Version.<init>(Version.java:30) [al-commons-1.3.jar:na]
	at com.aionemu.gameserver.utils.AEVersions.<clinit>(AEVersions.java:17) [classes/:na]
	at com.aionemu.gameserver.GameServer.main(GameServer.java:267) [classes/:na]
2020-09-04 09:32:51,232 INFO  [main] com.aionemu.gameserver.utils.AEVersions [AEVersions.java:45] Commons Revision: undefined
2020-09-04 09:32:51,232 INFO  [main] com.aionemu.gameserver.utils.AEVersions [AEVersions.java:45] Commons Build Date: [ 20140809-2350 ]
2020-09-04 09:32:51,232 INFO  [main] com.aionemu.gameserver.utils.AEVersions [AEVersions.java:45] GS Revision: null  
2020-09-04 09:32:51,232 INFO  [main] com.aionemu.gameserver.utils.AEVersions [AEVersions.java:45] GS Branch: null  
2020-09-04 09:32:51,232 INFO  [main] com.aionemu.gameserver.utils.AEVersions [AEVersions.java:45] GS Branch Commit Date: null  
2020-09-04 09:32:51,232 INFO  [main] com.aionemu.gameserver.utils.AEVersions [AEVersions.java:45] GS Build Date: [ null ]
2020-09-04 09:32:51,232 INFO  [main] com.aionemu.gameserver.utils.AEVersions [AEVersions.java:45] ..................................................
2020-09-04 09:32:51,232 INFO  [main] com.aionemu.gameserver.utils.AEVersions [AEVersions.java:45] ..................................................
2020-09-04 09:32:52,929 INFO  [main] com.aionemu.commons.utils.AEInfos [AEInfos.java:101] OS: Windows 7 Build: 6.1
2020-09-04 09:32:52,930 INFO  [main] com.aionemu.commons.utils.AEInfos [AEInfos.java:101] OS Arch: amd64
2020-09-04 09:32:52,930 INFO  [main] com.aionemu.commons.utils.AEInfos [AEInfos.java:101] ..................................................
2020-09-04 09:32:52,930 INFO  [main] com.aionemu.commons.utils.AEInfos [AEInfos.java:101] ..................................................
2020-09-04 09:32:52,931 INFO  [main] com.aionemu.commons.utils.AEInfos [AEInfos.java:96] Available CPU(s): 6
2020-09-04 09:32:52,931 INFO  [main] com.aionemu.commons.utils.AEInfos [AEInfos.java:96] Processor(s) Identifier: Intel64 Family 6 Model 158 Stepping 10, GenuineIntel
2020-09-04 09:32:52,931 INFO  [main] com.aionemu.commons.utils.AEInfos [AEInfos.java:96] ..................................................
2020-09-04 09:32:52,931 INFO  [main] com.aionemu.commons.utils.AEInfos [AEInfos.java:96] ..................................................
2020-09-04 09:32:52,931 INFO  [main] com.aionemu.commons.utils.AEInfos [AEInfos.java:106] Java Platform Information
2020-09-04 09:32:52,931 INFO  [main] com.aionemu.commons.utils.AEInfos [AEInfos.java:106] Java Runtime  Name: Java(TM) SE Runtime Environment
2020-09-04 09:32:52,931 INFO  [main] com.aionemu.commons.utils.AEInfos [AEInfos.java:106] Java Version: 1.7.0_80
2020-09-04 09:32:52,931 INFO  [main] com.aionemu.commons.utils.AEInfos [AEInfos.java:106] Java Class Version: 51.0
2020-09-04 09:32:52,931 INFO  [main] com.aionemu.commons.utils.AEInfos [AEInfos.java:106] ..................................................
2020-09-04 09:32:52,932 INFO  [main] com.aionemu.commons.utils.AEInfos [AEInfos.java:106] ..................................................
2020-09-04 09:32:52,932 INFO  [main] com.aionemu.commons.utils.AEInfos [AEInfos.java:111] Virtual Machine Information (JVM)
2020-09-04 09:32:52,932 INFO  [main] com.aionemu.commons.utils.AEInfos [AEInfos.java:111] JVM Name: Java HotSpot(TM) 64-Bit Server VM
2020-09-04 09:32:52,932 INFO  [main] com.aionemu.commons.utils.AEInfos [AEInfos.java:111] JVM installation directory: C:\Program Files\Java\jdk1.7.0_80\jre
2020-09-04 09:32:52,932 INFO  [main] com.aionemu.commons.utils.AEInfos [AEInfos.java:111] JVM version: 24.80-b11
2020-09-04 09:32:52,932 INFO  [main] com.aionemu.commons.utils.AEInfos [AEInfos.java:111] JVM Vendor: Oracle Corporation
2020-09-04 09:32:52,932 INFO  [main] com.aionemu.commons.utils.AEInfos [AEInfos.java:111] JVM Info: mixed mode
2020-09-04 09:32:52,932 INFO  [main] com.aionemu.commons.utils.AEInfos [AEInfos.java:111] ..................................................
2020-09-04 09:32:52,932 INFO  [main] com.aionemu.commons.utils.AEInfos [AEInfos.java:111] ..................................................
2020-09-04 09:32:52,933 INFO  [main] com.aionemu.commons.utils.AEInfos [AEInfos.java:91] +----
2020-09-04 09:32:52,933 INFO  [main] com.aionemu.commons.utils.AEInfos [AEInfos.java:91] | Global Memory Informations at 9:32:52:
2020-09-04 09:32:52,933 INFO  [main] com.aionemu.commons.utils.AEInfos [AEInfos.java:91] |    |
2020-09-04 09:32:52,933 INFO  [main] com.aionemu.commons.utils.AEInfos [AEInfos.java:91] | Allowed Memory: 5581824 KB
2020-09-04 09:32:52,933 INFO  [main] com.aionemu.commons.utils.AEInfos [AEInfos.java:91] |    |= Allocated Memory: 3005440 KB (53,8433%)
2020-09-04 09:32:52,933 INFO  [main] com.aionemu.commons.utils.AEInfos [AEInfos.java:91] |    |= Non-Allocated Memory: 2576384 KB (46,1567%)
2020-09-04 09:32:52,933 INFO  [main] com.aionemu.commons.utils.AEInfos [AEInfos.java:91] | Allocated Memory: 3005440 KB
2020-09-04 09:32:52,933 INFO  [main] com.aionemu.commons.utils.AEInfos [AEInfos.java:91] |    |= Used Memory: 1381778 KB (24,7550%)
2020-09-04 09:32:52,933 INFO  [main] com.aionemu.commons.utils.AEInfos [AEInfos.java:91] |    |= Unused (cached) Memory: 1623662 KB (29,0884%)
2020-09-04 09:32:52,933 INFO  [main] com.aionemu.commons.utils.AEInfos [AEInfos.java:91] | Useable Memory: 4200046 KB (75,2450%)
2020-09-04 09:32:52,933 INFO  [main] com.aionemu.commons.utils.AEInfos [AEInfos.java:91] +----
2020-09-04 09:32:52,938 INFO  [main] com.aionemu.gameserver.GameServer [GameServer.java:275] ===================================================
2020-09-04 09:32:52,938 INFO  [main] com.aionemu.gameserver.GameServer [GameServer.java:276] Core Version: Aion Ascension NA 3.5
2020-09-04 09:32:52,938 INFO  [main] com.aionemu.gameserver.GameServer [GameServer.java:277] ===================================================
2020-09-04 09:32:52,939 INFO  [main] com.aionemu.gameserver.GameServer [GameServer.java:278] ===================================================
2020-09-04 09:32:52,939 INFO  [main] com.aionemu.gameserver.GameServer [GameServer.java:279] Reworked by G-Robson26 e lpw
2020-09-04 09:32:52,939 INFO  [main] com.aionemu.gameserver.GameServer [GameServer.java:280] ===================================================
2020-09-04 09:32:52,939 INFO  [main] com.aionemu.gameserver.GameServer [GameServer.java:281] ===================================================
2020-09-04 09:32:52,939 INFO  [main] com.aionemu.gameserver.GameServer [GameServer.java:282] Copyright 2012 - 2020
2020-09-04 09:32:52,939 INFO  [main] com.aionemu.gameserver.GameServer [GameServer.java:283] ===================================================
2020-09-04 09:32:52,939 INFO  [main] com.aionemu.gameserver.GameServer [GameServer.java:284] AL Game Server started in 59 seconds.
2020-09-04 09:32:52,955 INFO  [main] com.aionemu.commons.network.NioServer [NioServer.java:101] Server listening on all available IPs on Port 7777 for Game Connections
2020-09-04 09:32:52,956 INFO  [main] com.aionemu.gameserver.network.loginserver.LoginServer [LoginServer.java:88] Connecting to LoginServer: localhost/127.0.0.1:9014
2020-09-04 09:32:52,962 INFO  [main] com.aionemu.gameserver.network.loginserver.LoginServerConnection [LoginServerConnection.java:69] Connected to LoginServer!
2020-09-04 09:32:52,965 INFO  [main] com.aionemu.gameserver.GameServer [GameServer.java:428] FACTIONS RATIO : E 50,0 % / A 50,0 %
2020-09-04 09:32:53,465 INFO  [ReadWrite-0 Dispatcher] com.aionemu.gameserver.network.BannedMacManager [BannedMacManager.java:71] Loaded 0 banned mac addesses
2020-09-04 09:32:54,026 INFO  [InstantPool-10] com.aionemu.gameserver.taskmanager.AbstractPeriodicTaskManager [AbstractPeriodicTaskManager.java:25] MovementNotifyTask: Initialized.
2020-09-04 09:32:54,029 INFO  [InstantPool-10] com.aionemu.gameserver.taskmanager.AbstractPeriodicTaskManager [AbstractPeriodicTaskManager.java:25] ZoneUpdateService: Initialized.
2020-09-04 09:33:29,047 INFO  [InstantPool-2] com.aionemu.gameserver.network.loginserver.LoginServer [LoginServer.java:230] Account authed: 2 = admin
2020-09-04 09:33:31,200 INFO  [pool-3-thread-11] GAMECONNECTION_LOG [PlayerEnterWorldService.java:210] [MAC_AUDIT] Player Admin (account admin) has entered world with 54-6F-F8-42-B6-0B MAC.
2020-09-04 09:33:31,255 INFO  [pool-3-thread-11] GAMECONNECTION_LOG [PlayerEnterWorldService.java:545] Player logged in: Admin Account: admin
2020-09-04 09:33:33,352 INFO  [pool-3-thread-23] com.aionemu.gameserver.services.SurveyService [SurveyService.java:131] [SurveyController] update task start.
2020-09-04 09:33:34,057 INFO  [PacketProcessor:0] com.aionemu.gameserver.taskmanager.AbstractPeriodicTaskManager [AbstractPeriodicTaskManager.java:25] PlayerMoveTaskManager: Initialized.
2020-09-04 09:34:58,379 INFO  [PacketProcessor:0] com.aionemu.gameserver.services.instance.InstanceService [InstanceService.java:72] Creating new instance:300040000 id:2 owner:0
2020-09-04 09:34:58,383 INFO  [PacketProcessor:0] com.aionemu.gameserver.spawnengine.StaticDoorSpawnManager [StaticDoorSpawnManager.java:48] Spawned static doors: 300040000 [2] : 1
2020-09-04 09:34:58,396 INFO  [PacketProcessor:0] com.aionemu.gameserver.spawnengine.SpawnEngine [SpawnEngine.java:267] Spawned 300040000 [2] : 658
2020-09-04 09:34:58,400 INFO  [PacketProcessor:0] com.aionemu.gameserver.services.DuelService [DuelService.java:43] DuelService started.
2020-09-04 09:35:44,387 INFO  [pool-3-thread-17] com.aionemu.gameserver.services.GameTimeService [GameTimeService.java:36] Sending current game time to all players
2020-09-04 09:35:44,387 INFO  [pool-3-thread-17] com.aionemu.gameserver.utils.gametime.GameTimeManager [GameTimeManager.java:58] Game time saved...
2020-09-04 09:38:44,394 INFO  [pool-3-thread-5] com.aionemu.gameserver.services.GameTimeService [GameTimeService.java:36] Sending current game time to all players
2020-09-04 09:38:44,394 INFO  [pool-3-thread-5] com.aionemu.gameserver.utils.gametime.GameTimeManager [GameTimeManager.java:58] Game time saved...
2020-09-04 09:41:44,402 INFO  [pool-3-thread-1] com.aionemu.gameserver.services.GameTimeService [GameTimeService.java:36] Sending current game time to all players
2020-09-04 09:41:44,402 INFO  [pool-3-thread-1] com.aionemu.gameserver.utils.gametime.GameTimeManager [GameTimeManager.java:58] Game time saved...
2020-09-04 09:44:44,410 INFO  [pool-3-thread-10] com.aionemu.gameserver.services.GameTimeService [GameTimeService.java:36] Sending current game time to all players
2020-09-04 09:44:44,410 INFO  [pool-3-thread-10] com.aionemu.gameserver.utils.gametime.GameTimeManager [GameTimeManager.java:58] Game time saved...
2020-09-04 09:47:44,417 INFO  [pool-3-thread-5] com.aionemu.gameserver.services.GameTimeService [GameTimeService.java:36] Sending current game time to all players
2020-09-04 09:47:44,417 INFO  [pool-3-thread-5] com.aionemu.gameserver.utils.gametime.GameTimeManager [GameTimeManager.java:58] Game time saved...
2020-09-04 09:49:40,218 INFO  [InstantPool-10] com.aionemu.gameserver.network.loginserver.LoginServer [LoginServer.java:230] Account authed: 3 = teste
2020-09-04 09:50:23,839 INFO  [pool-3-thread-6] GAMECONNECTION_LOG [PlayerEnterWorldService.java:210] [MAC_AUDIT] Player Sorcerer (account teste) has entered world with 54-6F-F8-42-B6-0B MAC.
2020-09-04 09:50:23,840 INFO  [pool-3-thread-6] GAMECONNECTION_LOG [PlayerEnterWorldService.java:545] Player logged in: Sorcerer Account: teste
2020-09-04 09:50:44,425 INFO  [pool-3-thread-14] com.aionemu.gameserver.services.GameTimeService [GameTimeService.java:36] Sending current game time to all players
2020-09-04 09:50:44,425 INFO  [pool-3-thread-14] com.aionemu.gameserver.utils.gametime.GameTimeManager [GameTimeManager.java:58] Game time saved...
2020-09-04 09:52:44,454 INFO  [pool-3-thread-15] com.aionemu.gameserver.services.PeriodicSaveService [PeriodicSaveService.java:44] Legion WH update task started.
2020-09-04 09:52:44,454 INFO  [pool-3-thread-15] com.aionemu.gameserver.services.PeriodicSaveService [PeriodicSaveService.java:70] Legion WH update: 0 ms, legions: 0.
2020-09-04 09:53:33,403 INFO  [pool-3-thread-2] com.aionemu.gameserver.services.SurveyService [SurveyService.java:131] [SurveyController] update task start.
2020-09-04 09:53:44,433 INFO  [pool-3-thread-21] com.aionemu.gameserver.services.GameTimeService [GameTimeService.java:36] Sending current game time to all players
2020-09-04 09:53:44,433 INFO  [pool-3-thread-21] com.aionemu.gameserver.utils.gametime.GameTimeManager [GameTimeManager.java:58] Game time saved...
2020-09-04 09:54:59,105 INFO  [ReadWrite-0 Dispatcher] com.aionemu.commons.network.Dispatcher [Dispatcher.java:288] Write 0 ip: 127.0.0.1
2020-09-04 09:55:55,528 INFO  [PacketProcessor:2] com.aionemu.gameserver.services.instance.InstanceService [InstanceService.java:72] Creating new instance:310010000 id:2 owner:0
2020-09-04 09:55:55,530 INFO  [PacketProcessor:2] com.aionemu.gameserver.spawnengine.SpawnEngine [SpawnEngine.java:267] Spawned 310010000 [2] : 49
2020-09-04 09:56:44,440 INFO  [pool-3-thread-11] com.aionemu.gameserver.services.GameTimeService [GameTimeService.java:36] Sending current game time to all players
2020-09-04 09:56:44,440 INFO  [pool-3-thread-11] com.aionemu.gameserver.utils.gametime.GameTimeManager [GameTimeManager.java:58] Game time saved...
2020-09-04 09:57:11,030 INFO  [PacketProcessor:0] com.aionemu.gameserver.services.craft.CraftSkillUpdateService [CraftSkillUpdateService.java:97] CraftSkillUpdateService: Initialized.
2020-09-04 09:59:44,448 INFO  [pool-3-thread-7] com.aionemu.gameserver.services.GameTimeService [GameTimeService.java:36] Sending current game time to all players
2020-09-04 09:59:44,448 INFO  [pool-3-thread-7] com.aionemu.gameserver.utils.gametime.GameTimeManager [GameTimeManager.java:58] Game time saved...
2020-09-04 10:00:00,011 INFO  [InstantPool-8] pirate.events.EventManager [EventManager.java:265] Event: E_4x4 is started
2020-09-04 10:00:00,052 INFO  [InstantPool-2] pirate.events.EventManager [EventManager.java:265] Event: E_3x3 is started
2020-09-04 10:00:00,122 INFO  [InstantPool-8] pirate.events.EventManager [EventManager.java:265] Event: E_LHE is started
2020-09-04 10:00:00,154 INFO  [InstantPool-4] pirate.events.EventManager [EventManager.java:265] Event: E_6x6 is started
2020-09-04 10:00:00,182 INFO  [InstantPool-6] com.aionemu.gameserver.services.rift.RiftManager [RiftManager.java:87] Rift opened: MORHEIM_AM successfully spawned 0 Npc.
2020-09-04 10:00:00,183 INFO  [InstantPool-8] pirate.events.EventManager [EventManager.java:265] Event: E_2x2 is started
2020-09-04 10:00:00,195 INFO  [InstantPool-7] com.aionemu.gameserver.services.rift.RiftManager [RiftManager.java:87] Rift opened: BELUSLAN_GM successfully spawned 0 Npc.
2020-09-04 10:01:40,787 INFO  [PacketProcessor:0] com.aionemu.gameserver.services.player.PlayerLeaveWorldService [PlayerLeaveWorldService.java:78] Player logged out: Sorcerer Account: teste
2020-09-04 10:01:41,657 INFO  [PacketProcessor:0] com.aionemu.gameserver.taskmanager.AbstractPeriodicTaskManager [AbstractPeriodicTaskManager.java:25] ExpireTimerTask: Initialized.
2020-09-04 10:01:41,717 INFO  [PacketProcessor:1] com.aionemu.gameserver.network.aion.AionClientPacket [AionClientPacket.java:106] [C] 0x2E7 CM_FIND_GROUP wont be processed cuz its valid state don't match current connection state: AUTHED
2020-09-04 10:01:41,733 INFO  [PacketProcessor:2] com.aionemu.gameserver.network.aion.AionClientPacket [AionClientPacket.java:106] [C] 0x163 CM_GET_HOUSE_BIDS wont be processed cuz its valid state don't match current connection state: AUTHED
2020-09-04 10:02:10,200 INFO  [pool-3-thread-4] GAMECONNECTION_LOG [PlayerEnterWorldService.java:210] [MAC_AUDIT] Player Spiritmaster (account teste) has entered world with 54-6F-F8-42-B6-0B MAC.
2020-09-04 10:02:10,200 INFO  [pool-3-thread-4] GAMECONNECTION_LOG [PlayerEnterWorldService.java:545] Player logged in: Spiritmaster Account: teste
2020-09-04 10:02:44,455 INFO  [pool-3-thread-3] com.aionemu.gameserver.services.GameTimeService [GameTimeService.java:36] Sending current game time to all players
2020-09-04 10:02:44,455 INFO  [pool-3-thread-3] com.aionemu.gameserver.utils.gametime.GameTimeManager [GameTimeManager.java:58] Game time saved...
2020-09-04 10:02:44,457 INFO  [pool-3-thread-23] com.aionemu.gameserver.services.DebugService [DebugService.java:39] Starting analysis of world players at 1599224564457
2020-09-04 10:04:45,851 INFO  [PacketProcessor:3] com.aionemu.gameserver.services.instance.InstanceService [InstanceService.java:72] Creating new instance:310010000 id:3 owner:0
2020-09-04 10:04:45,852 INFO  [PacketProcessor:3] com.aionemu.gameserver.spawnengine.SpawnEngine [SpawnEngine.java:267] Spawned 310010000 [3] : 49
2020-09-04 10:05:44,463 INFO  [pool-3-thread-3] com.aionemu.gameserver.services.GameTimeService [GameTimeService.java:36] Sending current game time to all players
2020-09-04 10:05:44,463 INFO  [pool-3-thread-3] com.aionemu.gameserver.utils.gametime.GameTimeManager [GameTimeManager.java:58] Game time saved...
2020-09-04 10:06:25,557 INFO  [pool-3-thread-7] com.aionemu.gameserver.services.instance.InstanceService [InstanceService.java:138] Destroying instance:310010000 2
2020-09-04 10:08:44,471 INFO  [pool-3-thread-11] com.aionemu.gameserver.services.GameTimeService [GameTimeService.java:36] Sending current game time to all players
2020-09-04 10:08:44,471 INFO  [pool-3-thread-11] com.aionemu.gameserver.utils.gametime.GameTimeManager [GameTimeManager.java:58] Game time saved...
2020-09-04 10:10:26,295 INFO  [PacketProcessor:1] com.aionemu.gameserver.services.player.PlayerLeaveWorldService [PlayerLeaveWorldService.java:78] Player logged out: Spiritmaster Account: teste
2020-09-04 10:10:27,649 INFO  [PacketProcessor:2] com.aionemu.gameserver.network.aion.AionClientPacket [AionClientPacket.java:106] [C] 0x2E7 CM_FIND_GROUP wont be processed cuz its valid state don't match current connection state: AUTHED
2020-09-04 10:10:27,665 INFO  [PacketProcessor:3] com.aionemu.gameserver.network.aion.AionClientPacket [AionClientPacket.java:106] [C] 0x163 CM_GET_HOUSE_BIDS wont be processed cuz its valid state don't match current connection state: AUTHED
2020-09-04 10:10:43,602 INFO  [pool-3-thread-15] GAMECONNECTION_LOG [PlayerEnterWorldService.java:210] [MAC_AUDIT] Player Spiritmaster (account teste) has entered world with 54-6F-F8-42-B6-0B MAC.
2020-09-04 10:10:43,603 INFO  [pool-3-thread-15] GAMECONNECTION_LOG [PlayerEnterWorldService.java:545] Player logged in: Spiritmaster Account: teste
2020-09-04 10:10:43,668 INFO  [ReadWrite-0 Dispatcher] com.aionemu.commons.network.Dispatcher [Dispatcher.java:288] Write 0 ip: 127.0.0.1
2020-09-04 10:11:44,478 INFO  [pool-3-thread-8] com.aionemu.gameserver.services.GameTimeService [GameTimeService.java:36] Sending current game time to all players
2020-09-04 10:11:44,478 INFO  [pool-3-thread-8] com.aionemu.gameserver.utils.gametime.GameTimeManager [GameTimeManager.java:58] Game time saved...
2020-09-04 10:12:44,505 INFO  [pool-3-thread-6] com.aionemu.gameserver.services.PeriodicSaveService [PeriodicSaveService.java:44] Legion WH update task started.
2020-09-04 10:12:44,505 INFO  [pool-3-thread-6] com.aionemu.gameserver.services.PeriodicSaveService [PeriodicSaveService.java:70] Legion WH update: 0 ms, legions: 0.
2020-09-04 10:13:33,454 INFO  [pool-3-thread-8] com.aionemu.gameserver.services.SurveyService [SurveyService.java:131] [SurveyController] update task start.
2020-09-04 10:14:44,486 INFO  [pool-3-thread-23] com.aionemu.gameserver.services.GameTimeService [GameTimeService.java:36] Sending current game time to all players
2020-09-04 10:14:44,486 INFO  [pool-3-thread-23] com.aionemu.gameserver.utils.gametime.GameTimeManager [GameTimeManager.java:58] Game time saved...
2020-09-04 10:15:15,880 INFO  [pool-3-thread-10] com.aionemu.gameserver.services.instance.InstanceService [InstanceService.java:138] Destroying instance:310010000 3
2020-09-04 10:16:45,736 INFO  [PacketProcessor:0] com.aionemu.gameserver.services.instance.InstanceService [InstanceService.java:72] Creating new instance:300040000 id:3 owner:0
2020-09-04 10:16:45,748 INFO  [PacketProcessor:0] com.aionemu.gameserver.spawnengine.StaticDoorSpawnManager [StaticDoorSpawnManager.java:48] Spawned static doors: 300040000 [3] : 1
2020-09-04 10:16:45,756 INFO  [PacketProcessor:0] com.aionemu.gameserver.spawnengine.SpawnEngine [SpawnEngine.java:267] Spawned 300040000 [3] : 658
2020-09-04 10:17:44,494 INFO  [pool-3-thread-7] com.aionemu.gameserver.services.GameTimeService [GameTimeService.java:36] Sending current game time to all players
2020-09-04 10:17:44,494 INFO  [pool-3-thread-7] com.aionemu.gameserver.utils.gametime.GameTimeManager [GameTimeManager.java:58] Game time saved...
2020-09-04 10:20:44,501 INFO  [pool-3-thread-11] com.aionemu.gameserver.services.GameTimeService [GameTimeService.java:36] Sending current game time to all players
2020-09-04 10:20:44,501 INFO  [pool-3-thread-11] com.aionemu.gameserver.utils.gametime.GameTimeManager [GameTimeManager.java:58] Game time saved...
2020-09-04 10:23:44,509 INFO  [pool-3-thread-23] com.aionemu.gameserver.services.GameTimeService [GameTimeService.java:36] Sending current game time to all players
2020-09-04 10:23:44,510 INFO  [pool-3-thread-23] com.aionemu.gameserver.utils.gametime.GameTimeManager [GameTimeManager.java:58] Game time saved...
2020-09-04 10:26:44,517 INFO  [pool-3-thread-23] com.aionemu.gameserver.services.GameTimeService [GameTimeService.java:36] Sending current game time to all players
2020-09-04 10:26:44,517 INFO  [pool-3-thread-23] com.aionemu.gameserver.utils.gametime.GameTimeManager [GameTimeManager.java:58] Game time saved...
2020-09-04 10:29:44,524 INFO  [pool-3-thread-20] com.aionemu.gameserver.services.GameTimeService [GameTimeService.java:36] Sending current game time to all players
2020-09-04 10:29:44,525 INFO  [pool-3-thread-20] com.aionemu.gameserver.utils.gametime.GameTimeManager [GameTimeManager.java:58] Game time saved...
2020-09-04 10:32:44,532 INFO  [pool-3-thread-21] com.aionemu.gameserver.services.GameTimeService [GameTimeService.java:36] Sending current game time to all players
2020-09-04 10:32:44,532 INFO  [pool-3-thread-21] com.aionemu.gameserver.utils.gametime.GameTimeManager [GameTimeManager.java:58] Game time saved...
2020-09-04 10:32:44,533 INFO  [pool-3-thread-15] com.aionemu.gameserver.services.DebugService [DebugService.java:39] Starting analysis of world players at 1599226364533
2020-09-04 10:32:44,556 INFO  [pool-3-thread-3] com.aionemu.gameserver.services.PeriodicSaveService [PeriodicSaveService.java:44] Legion WH update task started.
2020-09-04 10:32:44,556 INFO  [pool-3-thread-3] com.aionemu.gameserver.services.PeriodicSaveService [PeriodicSaveService.java:70] Legion WH update: 0 ms, legions: 0.
2020-09-04 10:32:44,830 WARN  [pool-3-thread-23] com.aionemu.gameserver.services.player.PlayerEventService [PlayerEventService.java:42] [EventReward] player Admin tried to receive item with full inventory.
2020-09-04 10:33:33,505 INFO  [pool-3-thread-9] com.aionemu.gameserver.services.SurveyService [SurveyService.java:131] [SurveyController] update task start.
2020-09-04 10:35:44,540 INFO  [pool-3-thread-22] com.aionemu.gameserver.services.GameTimeService [GameTimeService.java:36] Sending current game time to all players
2020-09-04 10:35:44,540 INFO  [pool-3-thread-22] com.aionemu.gameserver.utils.gametime.GameTimeManager [GameTimeManager.java:58] Game time saved...
2020-09-04 10:38:44,547 INFO  [pool-3-thread-17] com.aionemu.gameserver.services.GameTimeService [GameTimeService.java:36] Sending current game time to all players
2020-09-04 10:38:44,547 INFO  [pool-3-thread-17] com.aionemu.gameserver.utils.gametime.GameTimeManager [GameTimeManager.java:58] Game time saved...
2020-09-04 10:41:44,555 INFO  [pool-3-thread-18] com.aionemu.gameserver.services.GameTimeService [GameTimeService.java:36] Sending current game time to all players
2020-09-04 10:41:44,555 INFO  [pool-3-thread-18] com.aionemu.gameserver.utils.gametime.GameTimeManager [GameTimeManager.java:58] Game time saved...
2020-09-04 10:44:44,562 INFO  [pool-3-thread-5] com.aionemu.gameserver.services.GameTimeService [GameTimeService.java:36] Sending current game time to all players
2020-09-04 10:44:44,563 INFO  [pool-3-thread-5] com.aionemu.gameserver.utils.gametime.GameTimeManager [GameTimeManager.java:58] Game time saved...
2020-09-04 10:45:15,830 INFO  [pool-3-thread-3] com.aionemu.gameserver.services.instance.InstanceService [InstanceService.java:138] Destroying instance:300040000 3
2020-09-04 10:47:44,570 INFO  [pool-3-thread-5] com.aionemu.gameserver.services.GameTimeService [GameTimeService.java:36] Sending current game time to all players
2020-09-04 10:47:44,570 INFO  [pool-3-thread-5] com.aionemu.gameserver.utils.gametime.GameTimeManager [GameTimeManager.java:58] Game time saved...
2020-09-04 10:50:44,578 INFO  [pool-3-thread-16] com.aionemu.gameserver.services.GameTimeService [GameTimeService.java:36] Sending current game time to all players
2020-09-04 10:50:44,579 INFO  [pool-3-thread-16] com.aionemu.gameserver.utils.gametime.GameTimeManager [GameTimeManager.java:58] Game time saved...
2020-09-04 10:52:44,607 INFO  [pool-3-thread-21] com.aionemu.gameserver.services.PeriodicSaveService [PeriodicSaveService.java:44] Legion WH update task started.
2020-09-04 10:52:44,607 INFO  [pool-3-thread-21] com.aionemu.gameserver.services.PeriodicSaveService [PeriodicSaveService.java:70] Legion WH update: 0 ms, legions: 0.
2020-09-04 10:53:33,556 INFO  [pool-3-thread-17] com.aionemu.gameserver.services.SurveyService [SurveyService.java:131] [SurveyController] update task start.
2020-09-04 10:53:44,585 INFO  [pool-3-thread-13] com.aionemu.gameserver.services.GameTimeService [GameTimeService.java:36] Sending current game time to all players
2020-09-04 10:53:44,585 INFO  [pool-3-thread-13] com.aionemu.gameserver.utils.gametime.GameTimeManager [GameTimeManager.java:58] Game time saved...
2020-09-04 10:56:44,593 INFO  [pool-3-thread-16] com.aionemu.gameserver.services.GameTimeService [GameTimeService.java:36] Sending current game time to all players
2020-09-04 10:56:44,593 INFO  [pool-3-thread-16] com.aionemu.gameserver.utils.gametime.GameTimeManager [GameTimeManager.java:58] Game time saved...
2020-09-04 10:59:44,601 INFO  [pool-3-thread-20] com.aionemu.gameserver.services.GameTimeService [GameTimeService.java:36] Sending current game time to all players
2020-09-04 10:59:44,601 INFO  [pool-3-thread-20] com.aionemu.gameserver.utils.gametime.GameTimeManager [GameTimeManager.java:58] Game time saved...
2020-09-04 11:00:00,000 INFO  [InstantPool-5] pirate.events.EventManager [EventManager.java:265] Event: E_4x4 is started
2020-09-04 11:00:00,000 INFO  [InstantPool-9] pirate.events.EventManager [EventManager.java:265] Event: E_3x3 is started
2020-09-04 11:00:00,002 INFO  [InstantPool-8] com.aionemu.gameserver.services.rift.RiftManager [RiftManager.java:87] Rift opened: ELTNEN_AM successfully spawned 0 Npc.
2020-09-04 11:00:00,002 INFO  [InstantPool-7] pirate.events.EventManager [EventManager.java:265] Event: E_6x6 is started
2020-09-04 11:00:00,003 INFO  [InstantPool-3] pirate.events.EventManager [EventManager.java:265] Event: E_2x2 is started
2020-09-04 11:00:00,003 INFO  [InstantPool-10] com.aionemu.gameserver.services.rift.RiftManager [RiftManager.java:87] Rift opened: HEIRON_GM successfully spawned 0 Npc.
2020-09-04 11:00:00,004 INFO  [InstantPool-1] com.aionemu.gameserver.services.rift.RiftManager [RiftManager.java:87] Rift opened: GELKMAROS_AM successfully spawned 24 Npc.
2020-09-04 11:00:00,006 INFO  [InstantPool-1] com.aionemu.gameserver.services.rift.RiftManager [RiftManager.java:87] Rift opened: GELKMAROS_BM successfully spawned 24 Npc.
2020-09-04 11:00:00,007 INFO  [InstantPool-1] com.aionemu.gameserver.services.rift.RiftManager [RiftManager.java:87] Rift opened: GELKMAROS_CM successfully spawned 24 Npc.
2020-09-04 11:00:00,007 INFO  [InstantPool-1] com.aionemu.gameserver.services.rift.RiftManager [RiftManager.java:87] Rift opened: GELKMAROS_DM successfully spawned 24 Npc.
2020-09-04 11:02:44,608 INFO  [pool-3-thread-21] com.aionemu.gameserver.services.GameTimeService [GameTimeService.java:36] Sending current game time to all players
2020-09-04 11:02:44,608 INFO  [pool-3-thread-21] com.aionemu.gameserver.utils.gametime.GameTimeManager [GameTimeManager.java:58] Game time saved...
2020-09-04 11:02:44,609 INFO  [pool-3-thread-3] com.aionemu.gameserver.services.DebugService [DebugService.java:39] Starting analysis of world players at 1599228164609
2020-09-04 11:05:44,616 INFO  [pool-3-thread-20] com.aionemu.gameserver.services.GameTimeService [GameTimeService.java:36] Sending current game time to all players
2020-09-04 11:05:44,616 INFO  [pool-3-thread-20] com.aionemu.gameserver.utils.gametime.GameTimeManager [GameTimeManager.java:58] Game time saved...
2020-09-04 11:08:44,624 INFO  [pool-3-thread-12] com.aionemu.gameserver.services.GameTimeService [GameTimeService.java:36] Sending current game time to all players
2020-09-04 11:08:44,625 INFO  [pool-3-thread-12] com.aionemu.gameserver.utils.gametime.GameTimeManager [GameTimeManager.java:58] Game time saved...
2020-09-04 11:11:44,631 INFO  [pool-3-thread-21] com.aionemu.gameserver.services.GameTimeService [GameTimeService.java:36] Sending current game time to all players
2020-09-04 11:11:44,631 INFO  [pool-3-thread-21] com.aionemu.gameserver.utils.gametime.GameTimeManager [GameTimeManager.java:58] Game time saved...
2020-09-04 11:12:44,658 INFO  [pool-3-thread-17] com.aionemu.gameserver.services.PeriodicSaveService [PeriodicSaveService.java:44] Legion WH update task started.
2020-09-04 11:12:44,658 INFO  [pool-3-thread-17] com.aionemu.gameserver.services.PeriodicSaveService [PeriodicSaveService.java:70] Legion WH update: 0 ms, legions: 0.
2020-09-04 11:13:33,607 INFO  [pool-3-thread-13] com.aionemu.gameserver.services.SurveyService [SurveyService.java:131] [SurveyController] update task start.
2020-09-04 11:14:44,639 INFO  [pool-3-thread-2] com.aionemu.gameserver.services.GameTimeService [GameTimeService.java:36] Sending current game time to all players
2020-09-04 11:14:44,639 INFO  [pool-3-thread-2] com.aionemu.gameserver.utils.gametime.GameTimeManager [GameTimeManager.java:58] Game time saved...
2020-09-04 11:17:44,646 INFO  [pool-3-thread-6] com.aionemu.gameserver.services.GameTimeService [GameTimeService.java:36] Sending current game time to all players
2020-09-04 11:17:44,647 INFO  [pool-3-thread-6] com.aionemu.gameserver.utils.gametime.GameTimeManager [GameTimeManager.java:58] Game time saved...
2020-09-04 11:20:44,654 INFO  [pool-3-thread-21] com.aionemu.gameserver.services.GameTimeService [GameTimeService.java:36] Sending current game time to all players
2020-09-04 11:20:44,655 INFO  [pool-3-thread-21] com.aionemu.gameserver.utils.gametime.GameTimeManager [GameTimeManager.java:58] Game time saved...
2020-09-04 11:23:44,662 INFO  [pool-3-thread-20] com.aionemu.gameserver.services.GameTimeService [GameTimeService.java:36] Sending current game time to all players
2020-09-04 11:23:44,663 INFO  [pool-3-thread-20] com.aionemu.gameserver.utils.gametime.GameTimeManager [GameTimeManager.java:58] Game time saved...
2020-09-04 11:26:44,669 INFO  [pool-3-thread-11] com.aionemu.gameserver.services.GameTimeService [GameTimeService.java:36] Sending current game time to all players
2020-09-04 11:26:44,669 INFO  [pool-3-thread-11] com.aionemu.gameserver.utils.gametime.GameTimeManager [GameTimeManager.java:58] Game time saved...
2020-09-04 11:29:44,677 INFO  [pool-3-thread-12] com.aionemu.gameserver.services.GameTimeService [GameTimeService.java:36] Sending current game time to all players
2020-09-04 11:29:44,677 INFO  [pool-3-thread-12] com.aionemu.gameserver.utils.gametime.GameTimeManager [GameTimeManager.java:58] Game time saved...
2020-09-04 11:32:44,685 INFO  [pool-3-thread-21] com.aionemu.gameserver.services.GameTimeService [GameTimeService.java:36] Sending current game time to all players
2020-09-04 11:32:44,686 INFO  [pool-3-thread-21] com.aionemu.gameserver.utils.gametime.GameTimeManager [GameTimeManager.java:58] Game time saved...
2020-09-04 11:32:44,686 INFO  [pool-3-thread-3] com.aionemu.gameserver.services.DebugService [DebugService.java:39] Starting analysis of world players at 1599229964686
2020-09-04 11:32:44,709 INFO  [pool-3-thread-2] com.aionemu.gameserver.services.PeriodicSaveService [PeriodicSaveService.java:44] Legion WH update task started.
2020-09-04 11:32:44,709 INFO  [pool-3-thread-2] com.aionemu.gameserver.services.PeriodicSaveService [PeriodicSaveService.java:70] Legion WH update: 0 ms, legions: 0.
2020-09-04 11:32:44,983 WARN  [pool-3-thread-4] com.aionemu.gameserver.services.player.PlayerEventService [PlayerEventService.java:42] [EventReward] player Admin tried to receive item with full inventory.
2020-09-04 11:33:33,658 INFO  [pool-3-thread-13] com.aionemu.gameserver.services.SurveyService [SurveyService.java:131] [SurveyController] update task start.
2020-09-04 11:35:44,692 INFO  [pool-3-thread-14] com.aionemu.gameserver.services.GameTimeService [GameTimeService.java:36] Sending current game time to all players
2020-09-04 11:35:44,692 INFO  [pool-3-thread-14] com.aionemu.gameserver.utils.gametime.GameTimeManager [GameTimeManager.java:58] Game time saved...
2020-09-04 11:38:44,700 INFO  [pool-3-thread-20] com.aionemu.gameserver.services.GameTimeService [GameTimeService.java:36] Sending current game time to all players
2020-09-04 11:38:44,701 INFO  [pool-3-thread-20] com.aionemu.gameserver.utils.gametime.GameTimeManager [GameTimeManager.java:58] Game time saved...
2020-09-04 11:41:44,708 INFO  [pool-3-thread-14] com.aionemu.gameserver.services.GameTimeService [GameTimeService.java:36] Sending current game time to all players
2020-09-04 11:41:44,708 INFO  [pool-3-thread-14] com.aionemu.gameserver.utils.gametime.GameTimeManager [GameTimeManager.java:58] Game time saved...
2020-09-04 11:44:44,715 INFO  [pool-3-thread-5] com.aionemu.gameserver.services.GameTimeService [GameTimeService.java:36] Sending current game time to all players
2020-09-04 11:44:44,715 INFO  [pool-3-thread-5] com.aionemu.gameserver.utils.gametime.GameTimeManager [GameTimeManager.java:58] Game time saved...
2020-09-04 11:45:46,963 WARN  [PacketProcessor:2] com.aionemu.gameserver.skillengine.model.Skill [Skill.java:411] missing motiontime for motionName: buff3 skillId: 1021
2020-09-04 11:47:44,723 INFO  [pool-3-thread-8] com.aionemu.gameserver.services.GameTimeService [GameTimeService.java:36] Sending current game time to all players
2020-09-04 11:47:44,724 INFO  [pool-3-thread-8] com.aionemu.gameserver.utils.gametime.GameTimeManager [GameTimeManager.java:58] Game time saved...
2020-09-04 11:50:44,731 INFO  [pool-3-thread-9] com.aionemu.gameserver.services.GameTimeService [GameTimeService.java:36] Sending current game time to all players
2020-09-04 11:50:44,732 INFO  [pool-3-thread-9] com.aionemu.gameserver.utils.gametime.GameTimeManager [GameTimeManager.java:58] Game time saved...
2020-09-04 11:51:28,746 INFO  [pool-3-thread-9] com.aionemu.gameserver.services.instance.InstanceService [InstanceService.java:138] Destroying instance:300040000 2
2020-09-04 11:52:44,760 INFO  [pool-3-thread-11] com.aionemu.gameserver.services.PeriodicSaveService [PeriodicSaveService.java:44] Legion WH update task started.
2020-09-04 11:52:44,760 INFO  [pool-3-thread-11] com.aionemu.gameserver.services.PeriodicSaveService [PeriodicSaveService.java:70] Legion WH update: 0 ms, legions: 0.
2020-09-04 11:53:33,709 INFO  [pool-3-thread-21] com.aionemu.gameserver.services.SurveyService [SurveyService.java:131] [SurveyController] update task start.
2020-09-04 11:53:44,738 INFO  [pool-3-thread-22] com.aionemu.gameserver.services.GameTimeService [GameTimeService.java:36] Sending current game time to all players
2020-09-04 11:53:44,738 INFO  [pool-3-thread-22] com.aionemu.gameserver.utils.gametime.GameTimeManager [GameTimeManager.java:58] Game time saved...
2020-09-04 11:56:44,746 INFO  [pool-3-thread-5] com.aionemu.gameserver.services.GameTimeService [GameTimeService.java:36] Sending current game time to all players
2020-09-04 11:56:44,746 INFO  [pool-3-thread-5] com.aionemu.gameserver.utils.gametime.GameTimeManager [GameTimeManager.java:58] Game time saved...
2020-09-04 11:59:44,754 INFO  [pool-3-thread-9] com.aionemu.gameserver.services.GameTimeService [GameTimeService.java:36] Sending current game time to all players
2020-09-04 11:59:44,754 INFO  [pool-3-thread-9] com.aionemu.gameserver.utils.gametime.GameTimeManager [GameTimeManager.java:58] Game time saved...
2020-09-04 12:00:00,002 INFO  [InstantPool-9] pirate.events.EventManager [EventManager.java:265] Event: E_4x4 is started
2020-09-04 12:00:00,016 INFO  [InstantPool-6] pirate.events.EventManager [EventManager.java:265] Event: E_3x3 is started
2020-09-04 12:00:00,061 INFO  [InstantPool-10] pirate.events.EventManager [EventManager.java:265] Event: E_6x6 is started
2020-09-04 12:00:00,068 INFO  [InstantPool-9] pirate.events.EventManager [EventManager.java:265] Event: E_1x1 is started
2020-09-04 12:00:00,080 INFO  [InstantPool-10] com.aionemu.gameserver.services.rift.RiftManager [RiftManager.java:87] Rift opened: MORHEIM_AM successfully spawned 0 Npc.
2020-09-04 12:00:00,083 INFO  [InstantPool-2] pirate.events.EventManager [EventManager.java:265] Event: E_2x2 is started
2020-09-04 12:00:00,090 INFO  [InstantPool-2] pirate.events.EventManager [EventManager.java:265] Event: E_FFA is started
2020-09-04 12:01:06,760 INFO  [PacketProcessor:2] com.aionemu.gameserver.GameServer [GameServer.java:428] FACTIONS RATIO UPDATED : E 50,0 % / A 50,0 %
2020-09-04 12:01:06,760 INFO  [PacketProcessor:2] com.aionemu.gameserver.GameServer [GameServer.java:428] FACTIONS RATIO UPDATED : E 50,0 % / A 50,0 %
2020-09-04 12:02:44,761 INFO  [pool-3-thread-16] com.aionemu.gameserver.services.GameTimeService [GameTimeService.java:36] Sending current game time to all players
2020-09-04 12:02:44,761 INFO  [pool-3-thread-16] com.aionemu.gameserver.utils.gametime.GameTimeManager [GameTimeManager.java:58] Game time saved...
2020-09-04 12:02:44,762 INFO  [pool-3-thread-23] com.aionemu.gameserver.services.DebugService [DebugService.java:39] Starting analysis of world players at 1599231764762
2020-09-04 12:05:44,769 INFO  [pool-3-thread-24] com.aionemu.gameserver.services.GameTimeService [GameTimeService.java:36] Sending current game time to all players
2020-09-04 12:05:44,769 INFO  [pool-3-thread-24] com.aionemu.gameserver.utils.gametime.GameTimeManager [GameTimeManager.java:58] Game time saved...
2020-09-04 12:08:44,777 INFO  [pool-3-thread-22] com.aionemu.gameserver.services.GameTimeService [GameTimeService.java:36] Sending current game time to all players
2020-09-04 12:08:44,777 INFO  [pool-3-thread-22] com.aionemu.gameserver.utils.gametime.GameTimeManager [GameTimeManager.java:58] Game time saved...
2020-09-04 12:11:44,784 INFO  [pool-3-thread-4] com.aionemu.gameserver.services.GameTimeService [GameTimeService.java:36] Sending current game time to all players
2020-09-04 12:11:44,784 INFO  [pool-3-thread-4] com.aionemu.gameserver.utils.gametime.GameTimeManager [GameTimeManager.java:58] Game time saved...
2020-09-04 12:12:44,811 INFO  [pool-3-thread-20] com.aionemu.gameserver.services.PeriodicSaveService [PeriodicSaveService.java:44] Legion WH update task started.
2020-09-04 12:12:44,811 INFO  [pool-3-thread-20] com.aionemu.gameserver.services.PeriodicSaveService [PeriodicSaveService.java:70] Legion WH update: 0 ms, legions: 0.
2020-09-04 12:13:33,760 INFO  [pool-3-thread-21] com.aionemu.gameserver.services.SurveyService [SurveyService.java:131] [SurveyController] update task start.
2020-09-04 12:14:44,792 INFO  [pool-3-thread-17] com.aionemu.gameserver.services.GameTimeService [GameTimeService.java:36] Sending current game time to all players
2020-09-04 12:14:44,793 INFO  [pool-3-thread-17] com.aionemu.gameserver.utils.gametime.GameTimeManager [GameTimeManager.java:58] Game time saved...
2020-09-04 12:17:44,800 INFO  [pool-3-thread-5] com.aionemu.gameserver.services.GameTimeService [GameTimeService.java:36] Sending current game time to all players
2020-09-04 12:17:44,800 INFO  [pool-3-thread-5] com.aionemu.gameserver.utils.gametime.GameTimeManager [GameTimeManager.java:58] Game time saved...
2020-09-04 12:20:44,807 INFO  [pool-3-thread-19] com.aionemu.gameserver.services.GameTimeService [GameTimeService.java:36] Sending current game time to all players
2020-09-04 12:20:44,807 INFO  [pool-3-thread-19] com.aionemu.gameserver.utils.gametime.GameTimeManager [GameTimeManager.java:58] Game time saved...
2020-09-04 12:23:44,815 INFO  [pool-3-thread-4] com.aionemu.gameserver.services.GameTimeService [GameTimeService.java:36] Sending current game time to all players
2020-09-04 12:23:44,816 INFO  [pool-3-thread-4] com.aionemu.gameserver.utils.gametime.GameTimeManager [GameTimeManager.java:58] Game time saved...
2020-09-04 12:26:44,823 INFO  [pool-3-thread-22] com.aionemu.gameserver.services.GameTimeService [GameTimeService.java:36] Sending current game time to all players
2020-09-04 12:26:44,823 INFO  [pool-3-thread-22] com.aionemu.gameserver.utils.gametime.GameTimeManager [GameTimeManager.java:58] Game time saved...
2020-09-04 12:29:44,830 INFO  [pool-3-thread-2] com.aionemu.gameserver.services.GameTimeService [GameTimeService.java:36] Sending current game time to all players
2020-09-04 12:29:44,830 INFO  [pool-3-thread-2] com.aionemu.gameserver.utils.gametime.GameTimeManager [GameTimeManager.java:58] Game time saved...
