2020-09-05 03:30:43,783 Error at [line=203, column=367070529]: cvc-complex-type.3.2.2: Attribute 'name' is not allowed to appear in element 'drop'.
2020-09-05 03:30:43,814 Critical Error - Thread: main terminated abnormaly: java.lang.Error: org.xml.sax.SAXParseException; lineNumber: 203; columnNumber: 367070529; cvc-complex-type.3.2.2: Attribute 'name' is not allowed to appear in element 'drop'.
java.lang.Error: org.xml.sax.SAXParseException; lineNumber: 203; columnNumber: 367070529; cvc-complex-type.3.2.2: Attribute 'name' is not allowed to appear in element 'drop'.
	at com.aionemu.gameserver.dataholders.loadingutils.XmlValidationHandler.handleEvent(XmlValidationHandler.java:25) ~[classes/:na]
	at com.sun.xml.internal.bind.v2.runtime.unmarshaller.UnmarshallingContext.handleEvent(UnmarshallingContext.java:706) ~[na:1.7.0_80]
	at com.sun.xml.internal.bind.v2.runtime.Coordinator.propagateEvent(Coordinator.java:203) ~[na:1.7.0_80]
	at com.sun.xml.internal.bind.v2.runtime.Coordinator.fatalError(Coordinator.java:185) ~[na:1.7.0_80]
	at com.sun.xml.internal.bind.v2.util.FatalAdapter.error(FatalAdapter.java:49) ~[na:1.7.0_80]
	at org.apache.xerces.util.ErrorHandlerWrapper.error(Unknown Source) ~[xercesImpl-2.8.1.jar:na]
	at org.apache.xerces.impl.XMLErrorReporter.reportError(Unknown Source) ~[xercesImpl-2.8.1.jar:na]
	at org.apache.xerces.impl.XMLErrorReporter.reportError(Unknown Source) ~[xercesImpl-2.8.1.jar:na]
	at org.apache.xerces.impl.xs.XMLSchemaValidator$XSIErrorReporter.reportError(Unknown Source) ~[xercesImpl-2.8.1.jar:na]
	at org.apache.xerces.impl.xs.XMLSchemaValidator.reportSchemaError(Unknown Source) ~[xercesImpl-2.8.1.jar:na]
	at org.apache.xerces.impl.xs.XMLSchemaValidator.processAttributes(Unknown Source) ~[xercesImpl-2.8.1.jar:na]
	at org.apache.xerces.impl.xs.XMLSchemaValidator.handleStartElement(Unknown Source) ~[xercesImpl-2.8.1.jar:na]
	at org.apache.xerces.impl.xs.XMLSchemaValidator.startElement(Unknown Source) ~[xercesImpl-2.8.1.jar:na]
	at org.apache.xerces.jaxp.validation.ValidatorHandlerImpl.startElement(Unknown Source) ~[xercesImpl-2.8.1.jar:na]
	at com.sun.xml.internal.bind.v2.runtime.unmarshaller.ValidatingUnmarshaller.startElement(ValidatingUnmarshaller.java:86) ~[na:1.7.0_80]
	at com.sun.xml.internal.bind.v2.runtime.unmarshaller.SAXConnector.startElement(SAXConnector.java:125) ~[na:1.7.0_80]
	at org.apache.xerces.parsers.AbstractSAXParser.startElement(Unknown Source) ~[xercesImpl-2.8.1.jar:na]
	at org.apache.xerces.impl.XMLNSDocumentScannerImpl.scanStartElement(Unknown Source) ~[xercesImpl-2.8.1.jar:na]
	at org.apache.xerces.impl.XMLDocumentFragmentScannerImpl$FragmentContentDispatcher.dispatch(Unknown Source) ~[xercesImpl-2.8.1.jar:na]
	at org.apache.xerces.impl.XMLDocumentFragmentScannerImpl.scanDocument(Unknown Source) ~[xercesImpl-2.8.1.jar:na]
	at org.apache.xerces.parsers.XML11Configuration.parse(Unknown Source) ~[xercesImpl-2.8.1.jar:na]
	at org.apache.xerces.parsers.XML11Configuration.parse(Unknown Source) ~[xercesImpl-2.8.1.jar:na]
	at org.apache.xerces.parsers.XMLParser.parse(Unknown Source) ~[xercesImpl-2.8.1.jar:na]
	at org.apache.xerces.parsers.AbstractSAXParser.parse(Unknown Source) ~[xercesImpl-2.8.1.jar:na]
	at org.apache.xerces.jaxp.SAXParserImpl$JAXPSAXParser.parse(Unknown Source) ~[xercesImpl-2.8.1.jar:na]
	at com.sun.xml.internal.bind.v2.runtime.unmarshaller.UnmarshallerImpl.unmarshal0(UnmarshallerImpl.java:203) ~[na:1.7.0_80]
	at com.sun.xml.internal.bind.v2.runtime.unmarshaller.UnmarshallerImpl.unmarshal(UnmarshallerImpl.java:175) ~[na:1.7.0_80]
	at javax.xml.bind.helpers.AbstractUnmarshallerImpl.unmarshal(AbstractUnmarshallerImpl.java:157) ~[na:1.7.0_80]
	at javax.xml.bind.helpers.AbstractUnmarshallerImpl.unmarshal(AbstractUnmarshallerImpl.java:214) ~[na:1.7.0_80]
	at com.aionemu.gameserver.dataholders.loadingutils.XmlDataLoader.loadStaticData(XmlDataLoader.java:59) ~[classes/:na]
	at com.aionemu.gameserver.dataholders.DataManager.<init>(DataManager.java:115) ~[classes/:na]
	at com.aionemu.gameserver.dataholders.DataManager.<init>(DataManager.java:108) ~[classes/:na]
	at com.aionemu.gameserver.dataholders.DataManager$SingletonHolder.<clinit>(DataManager.java:208) ~[classes/:na]
	at com.aionemu.gameserver.dataholders.DataManager.getInstance(DataManager.java:105) ~[classes/:na]
	at com.aionemu.gameserver.GameServer.main(GameServer.java:149) ~[classes/:na]
Caused by: org.xml.sax.SAXParseException: cvc-complex-type.3.2.2: Attribute 'name' is not allowed to appear in element 'drop'.
	at org.apache.xerces.util.ErrorHandlerWrapper.createSAXParseException(Unknown Source) ~[xercesImpl-2.8.1.jar:na]
	... 30 common frames omitted
