#
# A fatal error has been detected by the Java Runtime Environment:
#
#  EXCEPTION_ACCESS_VIOLATION (0xc0000005) at pc=0x00000000597b4b9b, pid=5240, tid=9516
#
# JRE version: Java(TM) SE Runtime Environment (7.0_80-b15) (build 1.7.0_80-b15)
# Java VM: Java HotSpot(TM) 64-Bit Server VM (24.80-b11 mixed mode windows-amd64 compressed oops)
# Problematic frame:
# V  [jvm.dll+0x144b9b]
#
# Failed to write core dump. Minidumps are not enabled by default on client versions of Windows
#
# If you would like to submit a bug report, please visit:
#   http://bugreport.java.com/bugreport/crash.jsp
#

---------------  T H R E A D  ---------------

Current thread (0x000000000e666800):  JavaThread "JDWP Transport Listener: dt_socket" daemon [_thread_in_vm, id=9516, stack(0x000000000ef80000,0x000000000f080000)]

siginfo: ExceptionCode=0xc0000005, reading address 0xffffffffffffffff

Registers:
RAX=0x000000000f07f201, RBX=0x000000000e666800, RCX=0x003b65003b003b73, RDX=0x0000000000000000
RSP=0x000000000f07f250, RBP=0x003b65003b003b73, RSI=0x000000000f07f368, RDI=0x0000000002feb460
R8 =0x000000000e666800, R9 =0x0000000000000001, R10=0x0000000000008000, R11=0x000000000f07f1a0
R12=0x0000000000000000, R13=0x000000000c6673b8, R14=0x0000000000000000, R15=0x0000000000000000
RIP=0x00000000597b4b9b, EFLAGS=0x0000000000010202

Top of Stack: (sp=0x000000000f07f250)
0x000000000f07f250:   000000000e666800 0000000000000006
0x000000000f07f260:   000000000f07f318 00000000599577d9
0x000000000f07f270:   000000000e666800 0000000059975382
0x000000000f07f280:   000000001f492380 0000000059498e8d
0x000000000f07f290:   0000000019534b30 00000000594a2666
0x000000000f07f2a0:   000000000e666800 0000000000000000
0x000000000f07f2b0:   0000000000000000 0000000000000000
0x000000000f07f2c0:   003b65003b003b73 00000000594a175d
0x000000000f07f2d0:   000000000f07f368 000000000f07f340
0x000000000f07f2e0:   0000000000000001 0000000019534b30
0x000000000f07f2f0:   003b65003b003b73 00000000594853b3
0x000000000f07f300:   000000000f07f430 0000000000000001
0x000000000f07f310:   0000000000000001 0000000019534b30
0x000000000f07f320:   00000000f0001008 0000000000000000
0x000000000f07f330:   0000000000000000 0000000000000000
0x000000000f07f340:   0000000000000001 0000000059485571 

Instructions: (pc=0x00000000597b4b9b)
0x00000000597b4b7b:   48 8b 5c 24 30 48 89 47 18 48 83 c4 20 5f c3 cc
0x00000000597b4b8b:   cc cc cc cc cc 40 53 48 83 ec 20 48 85 c9 74 54
0x00000000597b4b9b:   48 8b 19 48 85 db 74 4c 48 b8 fe fe fe fe fe fe
0x00000000597b4bab:   fe fe 48 3b d8 74 3d 80 3d 57 56 61 00 00 74 15 


Register to memory mapping:

RAX=0x000000000f07f201 is pointing into the stack for thread: 0x000000000e666800
RBX=0x000000000e666800 is a thread
RCX=0x003b65003b003b73 is an unknown value
RDX=0x0000000000000000 is an unknown value
RSP=0x000000000f07f250 is pointing into the stack for thread: 0x000000000e666800
RBP=0x003b65003b003b73 is an unknown value
RSI=0x000000000f07f368 is pointing into the stack for thread: 0x000000000e666800
RDI=0x0000000002feb460 is an unknown value
R8 =0x000000000e666800 is a thread
R9 =0x0000000000000001 is an unknown value
R10=0x0000000000008000 is an unknown value
R11=0x000000000f07f1a0 is pointing into the stack for thread: 0x000000000e666800
R12=0x0000000000000000 is an unknown value
R13=0x000000000c6673b8 is an unknown value
R14=0x0000000000000000 is an unknown value
R15=0x0000000000000000 is an unknown value


Stack: [0x000000000ef80000,0x000000000f080000],  sp=0x000000000f07f250,  free space=1020k
Native frames: (J=compiled Java code, j=interpreted, Vv=VM code, C=native code)
V  [jvm.dll+0x144b9b]


---------------  P R O C E S S  ---------------

Java Threads: ( => current thread )
  0x00000000128bb000 JavaThread "pool-5-thread-1" [_thread_blocked, id=12124, stack(0x00000000197f0000,0x00000000198f0000)]
  0x00000000128b9800 JavaThread "ScheduledThreadPool-4" [_thread_blocked, id=7676, stack(0x0000000018710000,0x0000000018810000)]
  0x00000000128b9000 JavaThread "ScheduledThreadPool-3" [_thread_blocked, id=11348, stack(0x0000000018610000,0x0000000018710000)]
  0x00000000128aa000 JavaThread "ScheduledThreadPool-2" [_thread_blocked, id=8948, stack(0x0000000018210000,0x0000000018310000)]
  0x00000000128b0000 JavaThread "ScheduledThreadPool-1" [_thread_blocked, id=12352, stack(0x0000000012580000,0x0000000012680000)]
  0x00000000128b8000 JavaThread "PacketProcessor:3" [_thread_blocked, id=5616, stack(0x0000000012480000,0x0000000012580000)]
  0x00000000128b6800 JavaThread "PacketProcessor:2" [_thread_blocked, id=5864, stack(0x0000000001200000,0x0000000001300000)]
  0x00000000128af000 JavaThread "PacketProcessor:1" [_thread_blocked, id=7192, stack(0x0000000001100000,0x0000000001200000)]
  0x00000000128b6000 JavaThread "PacketProcessor:0" [_thread_blocked, id=12372, stack(0x0000000000ef0000,0x0000000000ff0000)]
  0x00000000128ac000 JavaThread "DestroyJavaVM" [_thread_blocked, id=8404, stack(0x0000000002c40000,0x0000000002d40000)]
  0x00000000128ab800 JavaThread "ReadWrite-0 Dispatcher" [_thread_in_native, id=8608, stack(0x0000000018510000,0x0000000018610000)]
  0x00000000128aa800 JavaThread "Accept Dispatcher" [_thread_in_native, id=11392, stack(0x0000000018410000,0x0000000018510000)]
  0x00000000128b1800 JavaThread "DeadLockDetector" [_thread_blocked, id=11720, stack(0x0000000018310000,0x0000000018410000)]
  0x0000000011107000 JavaThread "pool-3-thread-32" [_thread_blocked, id=13888, stack(0x0000000018110000,0x0000000018210000)]
  0x0000000011104000 JavaThread "pool-3-thread-31" [_thread_blocked, id=15952, stack(0x0000000018010000,0x0000000018110000)]
  0x0000000011106000 JavaThread "pool-3-thread-30" [_thread_blocked, id=9120, stack(0x0000000017f10000,0x0000000018010000)]
  0x0000000011103000 JavaThread "pool-3-thread-29" [_thread_blocked, id=7048, stack(0x0000000017e10000,0x0000000017f10000)]
  0x0000000011104800 JavaThread "pool-3-thread-28" [_thread_blocked, id=15056, stack(0x0000000017d10000,0x0000000017e10000)]
  0x0000000011105800 JavaThread "pool-3-thread-27" [_thread_blocked, id=13588, stack(0x0000000017c10000,0x0000000017d10000)]
  0x0000000011102800 JavaThread "pool-3-thread-26" [_thread_blocked, id=14976, stack(0x0000000017b10000,0x0000000017c10000)]
  0x0000000011101800 JavaThread "pool-3-thread-25" [_thread_blocked, id=14776, stack(0x0000000017a10000,0x0000000017b10000)]
  0x00000000110fa000 JavaThread "pool-3-thread-24" [_thread_blocked, id=8412, stack(0x0000000017910000,0x0000000017a10000)]
  0x0000000011101000 JavaThread "pool-3-thread-23" [_thread_blocked, id=15684, stack(0x0000000017810000,0x0000000017910000)]
  0x00000000110ff800 JavaThread "pool-3-thread-22" [_thread_blocked, id=13976, stack(0x0000000017710000,0x0000000017810000)]
  0x00000000110fe000 JavaThread "pool-3-thread-21" [_thread_blocked, id=13448, stack(0x0000000017610000,0x0000000017710000)]
  0x00000000110fc800 JavaThread "pool-3-thread-20" [_thread_blocked, id=9520, stack(0x0000000017510000,0x0000000017610000)]
  0x0000000011100000 JavaThread "pool-3-thread-19" [_thread_blocked, id=11596, stack(0x0000000017410000,0x0000000017510000)]
  0x00000000110f9800 JavaThread "pool-3-thread-18" [_thread_blocked, id=9152, stack(0x0000000017310000,0x0000000017410000)]
  0x00000000110fb800 JavaThread "pool-3-thread-17" [_thread_blocked, id=5192, stack(0x0000000017210000,0x0000000017310000)]
  0x00000000110f8800 JavaThread "pool-3-thread-16" [_thread_blocked, id=12416, stack(0x0000000017110000,0x0000000017210000)]
  0x00000000110fb000 JavaThread "pool-3-thread-15" [_thread_blocked, id=8304, stack(0x0000000017010000,0x0000000017110000)]
  0x00000000110fe800 JavaThread "pool-3-thread-14" [_thread_blocked, id=6836, stack(0x0000000016f10000,0x0000000017010000)]
  0x00000000110f8000 JavaThread "pool-3-thread-13" [_thread_blocked, id=12904, stack(0x0000000016e10000,0x0000000016f10000)]
  0x00000000110fd000 JavaThread "pool-3-thread-12" [_thread_blocked, id=13944, stack(0x0000000016d10000,0x0000000016e10000)]
  0x000000000f6eb800 JavaThread "pool-3-thread-11" [_thread_blocked, id=9924, stack(0x0000000016c10000,0x0000000016d10000)]
  0x000000000f6ea800 JavaThread "pool-3-thread-10" [_thread_blocked, id=9224, stack(0x0000000016b10000,0x0000000016c10000)]
  0x000000000f6e6000 JavaThread "pool-3-thread-9" [_thread_blocked, id=880, stack(0x0000000016a10000,0x0000000016b10000)]
  0x000000000f6e9000 JavaThread "pool-3-thread-8" [_thread_blocked, id=15560, stack(0x0000000016910000,0x0000000016a10000)]
  0x000000000f6ec000 JavaThread "pool-3-thread-7" [_thread_blocked, id=14620, stack(0x0000000016810000,0x0000000016910000)]
  0x000000000f6e8800 JavaThread "pool-3-thread-6" [_thread_blocked, id=11572, stack(0x0000000016710000,0x0000000016810000)]
  0x000000000f6ea000 JavaThread "pool-3-thread-5" [_thread_blocked, id=14948, stack(0x0000000016610000,0x0000000016710000)]
  0x000000000f6e1000 JavaThread "pool-3-thread-4" [_thread_blocked, id=7272, stack(0x0000000016510000,0x0000000016610000)]
  0x000000000f6e7800 JavaThread "pool-3-thread-3" [_thread_blocked, id=16108, stack(0x0000000016410000,0x0000000016510000)]
  0x000000000f6e7000 JavaThread "pool-3-thread-2" [_thread_blocked, id=12044, stack(0x0000000016310000,0x0000000016410000)]
  0x000000000f6e5800 JavaThread "pool-3-thread-1" [_thread_blocked, id=16116, stack(0x0000000016210000,0x0000000016310000)]
  0x000000000f6e4800 JavaThread "InstantPool-16" [_thread_blocked, id=5416, stack(0x0000000016110000,0x0000000016210000)]
  0x000000000f6de000 JavaThread "InstantPool-15" [_thread_blocked, id=11864, stack(0x0000000016010000,0x0000000016110000)]
  0x000000000f6e3000 JavaThread "InstantPool-14" [_thread_blocked, id=416, stack(0x0000000015f10000,0x0000000016010000)]
  0x000000000f6e0000 JavaThread "InstantPool-13" [_thread_blocked, id=8184, stack(0x0000000015e10000,0x0000000015f10000)]
  0x000000000f6e1800 JavaThread "InstantPool-12" [_thread_blocked, id=11112, stack(0x0000000015d10000,0x0000000015e10000)]
  0x000000000f6e4000 JavaThread "InstantPool-11" [_thread_blocked, id=8740, stack(0x0000000015c10000,0x0000000015d10000)]
  0x000000000f6e2800 JavaThread "InstantPool-10" [_thread_blocked, id=13460, stack(0x0000000015b10000,0x0000000015c10000)]
  0x000000000f6df800 JavaThread "InstantPool-9" [_thread_blocked, id=7608, stack(0x0000000015a10000,0x0000000015b10000)]
  0x000000000f6de800 JavaThread "InstantPool-8" [_thread_blocked, id=808, stack(0x0000000015910000,0x0000000015a10000)]
  0x000000000f6dd000 JavaThread "InstantPool-7" [_thread_blocked, id=7876, stack(0x0000000015810000,0x0000000015910000)]
  0x000000001068d800 JavaThread "InstantPool-6" [_thread_blocked, id=16264, stack(0x0000000015710000,0x0000000015810000)]
  0x000000001068d000 JavaThread "InstantPool-5" [_thread_blocked, id=3908, stack(0x0000000015610000,0x0000000015710000)]
  0x000000001068c000 JavaThread "InstantPool-4" [_thread_blocked, id=14768, stack(0x00000000144e0000,0x00000000145e0000)]
  0x0000000010693000 JavaThread "InstantPool-3" [_thread_blocked, id=5664, stack(0x00000000138d0000,0x00000000139d0000)]
  0x0000000010692800 JavaThread "InstantPool-2" [_thread_blocked, id=5636, stack(0x00000000137d0000,0x00000000138d0000)]
  0x0000000010691000 JavaThread "InstantPool-1" [_thread_blocked, id=13132, stack(0x00000000136d0000,0x00000000137d0000)]
  0x000000001068f000 JavaThread "BoneCP-pool-watch-thread" daemon [_thread_blocked, id=5412, stack(0x0000000012380000,0x0000000012480000)]
  0x000000001068e800 JavaThread "BoneCP-keep-alive-scheduler" daemon [_thread_blocked, id=11628, stack(0x0000000012280000,0x0000000012380000)]
  0x0000000010691800 JavaThread "BoneCP-release-thread-helper-thread" daemon [_thread_blocked, id=15384, stack(0x00000000143e0000,0x00000000144e0000)]
  0x0000000011ed1000 JavaThread "BoneCP-release-thread-helper-thread" daemon [_thread_blocked, id=10700, stack(0x00000000142e0000,0x00000000143e0000)]
  0x0000000010eff000 JavaThread "BoneCP-release-thread-helper-thread" daemon [_thread_blocked, id=16000, stack(0x00000000141e0000,0x00000000142e0000)]
  0x000000001092d000 JavaThread "BoneCP-pool-watch-thread" daemon [_thread_blocked, id=7752, stack(0x0000000013f40000,0x0000000014040000)]
  0x000000001327c800 JavaThread "BoneCP-keep-alive-scheduler" daemon [_thread_blocked, id=3156, stack(0x00000000140e0000,0x00000000141e0000)]
  0x0000000010930800 JavaThread "BoneCP-release-thread-helper-thread" daemon [_thread_blocked, id=12988, stack(0x0000000013d40000,0x0000000013e40000)]
  0x0000000011c30000 JavaThread "BoneCP-release-thread-helper-thread" daemon [_thread_blocked, id=10392, stack(0x0000000013c40000,0x0000000013d40000)]
  0x000000000f7e2800 JavaThread "BoneCP-release-thread-helper-thread" daemon [_thread_blocked, id=2020, stack(0x0000000013b40000,0x0000000013c40000)]
  0x000000000f5f4000 JavaThread "com.google.common.base.internal.Finalizer" daemon [_thread_blocked, id=6988, stack(0x0000000013a40000,0x0000000013b40000)]
  0x00000000107ab000 JavaThread "Timer-0" daemon [_thread_blocked, id=9368, stack(0x0000000012180000,0x0000000012280000)]
  0x000000000f58a000 JavaThread "QuartzScheduler_QuartzSchedulerThread" [_thread_blocked, id=5540, stack(0x0000000012080000,0x0000000012180000)]
  0x000000001012b800 JavaThread "QuartzScheduler_Worker-1" [_thread_blocked, id=12932, stack(0x0000000011f80000,0x0000000012080000)]
  0x000000000e9ba800 JavaThread "Service Thread" daemon [_thread_blocked, id=15712, stack(0x000000000fde0000,0x000000000fee0000)]
  0x000000000e9ba000 JavaThread "C2 CompilerThread1" daemon [_thread_blocked, id=14148, stack(0x000000000fce0000,0x000000000fde0000)]
  0x000000000e9a9800 JavaThread "C2 CompilerThread0" daemon [_thread_blocked, id=15748, stack(0x000000000fbe0000,0x000000000fce0000)]
  0x000000000e678000 JavaThread "JDWP Command Reader" daemon [_thread_in_native, id=11236, stack(0x000000000f180000,0x000000000f280000)]
  0x000000000e670800 JavaThread "JDWP Event Helper Thread" daemon [_thread_blocked, id=16288, stack(0x000000000f080000,0x000000000f180000)]
=>0x000000000e666800 JavaThread "JDWP Transport Listener: dt_socket" daemon [_thread_in_vm, id=9516, stack(0x000000000ef80000,0x000000000f080000)]
  0x000000000c66d000 JavaThread "Attach Listener" daemon [_thread_blocked, id=14208, stack(0x000000000eb40000,0x000000000ec40000)]
  0x000000000c66c800 JavaThread "Signal Dispatcher" daemon [_thread_blocked, id=7748, stack(0x000000000ea40000,0x000000000eb40000)]
  0x00000000030e2800 JavaThread "Finalizer" daemon [_thread_blocked, id=7972, stack(0x000000000e540000,0x000000000e640000)]
  0x00000000030dc000 JavaThread "Reference Handler" daemon [_thread_blocked, id=1276, stack(0x000000000e440000,0x000000000e540000)]

Other Threads:
  0x000000000c654000 VMThread [stack: 0x000000000e340000,0x000000000e440000] [id=14504]
  0x000000000e9b7800 WatcherThread [stack: 0x000000000fee0000,0x000000000ffe0000] [id=7352]

VM state:not at safepoint (normal execution)

VM Mutex/Monitor currently owned by a thread: None

Heap
 PSYoungGen      total 589312K, used 432568K [0x00000007cd680000, 0x0000000800000000, 0x0000000800000000)
  eden space 349696K, 74% used [0x00000007cd680000,0x00000007dd5aca58,0x00000007e2c00000)
  from space 239616K, 71% used [0x00000007e2c00000,0x00000007ed341750,0x00000007f1600000)
  to   space 239616K, 0% used [0x00000007f1600000,0x00000007f1600000,0x0000000800000000)
 ParOldGen       total 817152K, used 816778K [0x0000000768400000, 0x000000079a200000, 0x00000007cd680000)
  object space 817152K, 99% used [0x0000000768400000,0x000000079a1a2bb0,0x000000079a200000)
 PSPermGen       total 83968K, used 57450K [0x0000000763200000, 0x0000000768400000, 0x0000000768400000)
  object space 83968K, 68% used [0x0000000763200000,0x0000000766a1ab58,0x0000000768400000)

Card table byte_map: [0x00000000060f0000,0x00000000065e0000] byte_map_base: 0x00000000025d7000

Polling page: 0x0000000001410000

Code Cache  [0x00000000030f0000, 0x0000000003cf0000, 0x00000000060f0000)
 total_blobs=3807 nmethods=3251 adapters=514 free_code_cache=37453Kb largest_free_block=37755648

Compilation events (10 events):
Event: 1528.117 Thread 0x000000000e9a9800 4111             com.aionemu.gameserver.model.gameobjects.Npc::guardAgainst (117 bytes)
Event: 1528.127 Thread 0x000000000e9a9800 nmethod 4111 0x0000000003c77ed0 code [0x0000000003c78060, 0x0000000003c78478]
Event: 1529.120 Thread 0x000000000e9ba000 4112             com.aionemu.gameserver.taskmanager.tasks.MovementNotifyTask::callTask (9 bytes)
Event: 1529.122 Thread 0x000000000e9ba000 nmethod 4112 0x0000000003b5c210 code [0x0000000003b5c360, 0x0000000003b5c448]
Event: 1533.704 Thread 0x000000000e9a9800 4113             com.aionemu.gameserver.ai2.AbstractAI::handleGeneralEvent (368 bytes)
Event: 1533.728 Thread 0x000000000e9a9800 nmethod 4113 0x00000000037b72d0 code [0x00000000037b76a0, 0x00000000037b83e0]
Event: 1535.591 Thread 0x000000000e9ba000 4114             com.aionemu.gameserver.ai2.AITemplate::handleGuardAgainstAttacker (2 bytes)
Event: 1535.591 Thread 0x000000000e9ba000 nmethod 4114 0x0000000003c77cd0 code [0x0000000003c77e00, 0x0000000003c77e58]
Event: 1542.728 Thread 0x000000000e9a9800 4115             java.util.ComparableTimSort::sort (179 bytes)
Event: 1542.729 Thread 0x000000000e9a9800 nmethod 4115 0x0000000003c8bc90 code [0x0000000003c8bde0, 0x0000000003c8bf18]

GC Heap History (10 events):
Event: 94.210 GC heap before
{Heap before GC invocations=34 (full 4):
 PSYoungGen      total 620032K, used 517141K [0x00000007cd680000, 0x00000007ffc80000, 0x0000000800000000)
  eden space 419328K, 100% used [0x00000007cd680000,0x00000007e7000000,0x00000007e7000000)
  from space 200704K, 48% used [0x00000007e7000000,0x00000007ecf85510,0x00000007f3400000)
  to   space 197632K, 0% used [0x00000007f3b80000,0x00000007f3b80000,0x00000007ffc80000)
 ParOldGen       total 817152K, used 611350K [0x0000000768400000, 0x000000079a200000, 0x00000007cd680000)
  object space 817152K, 74% used [0x0000000768400000,0x000000078d905a00,0x000000079a200000)
 PSPermGen       total 73216K, used 39166K [0x0000000763200000, 0x0000000767980000, 0x0000000768400000)
  object space 73216K, 53% used [0x0000000763200000,0x000000076583faf0,0x0000000767980000)
Event: 94.258 GC heap after
Heap after GC invocations=34 (full 4):
 PSYoungGen      total 627712K, used 107067K [0x00000007cd680000, 0x00000007ffd00000, 0x0000000800000000)
  eden space 430080K, 0% used [0x00000007cd680000,0x00000007cd680000,0x00000007e7a80000)
  from space 197632K, 54% used [0x00000007f3b80000,0x00000007fa40eee8,0x00000007ffc80000)
  to   space 197632K, 0% used [0x00000007e7a80000,0x00000007e7a80000,0x00000007f3b80000)
 ParOldGen       total 817152K, used 611350K [0x0000000768400000, 0x000000079a200000, 0x00000007cd680000)
  object space 817152K, 74% used [0x0000000768400000,0x000000078d905a00,0x000000079a200000)
 PSPermGen       total 73216K, used 39166K [0x0000000763200000, 0x0000000767980000, 0x0000000768400000)
  object space 73216K, 53% used [0x0000000763200000,0x000000076583faf0,0x0000000767980000)
}
Event: 104.941 GC heap before
{Heap before GC invocations=35 (full 4):
 PSYoungGen      total 627712K, used 537147K [0x00000007cd680000, 0x00000007ffd00000, 0x0000000800000000)
  eden space 430080K, 100% used [0x00000007cd680000,0x00000007e7a80000,0x00000007e7a80000)
  from space 197632K, 54% used [0x00000007f3b80000,0x00000007fa40eee8,0x00000007ffc80000)
  to   space 197632K, 0% used [0x00000007e7a80000,0x00000007e7a80000,0x00000007f3b80000)
 ParOldGen       total 817152K, used 611350K [0x0000000768400000, 0x000000079a200000, 0x00000007cd680000)
  object space 817152K, 74% used [0x0000000768400000,0x000000078d905a00,0x000000079a200000)
 PSPermGen       total 73216K, used 43361K [0x0000000763200000, 0x0000000767980000, 0x0000000768400000)
  object space 73216K, 59% used [0x0000000763200000,0x0000000765c585d0,0x0000000767980000)
Event: 104.963 GC heap after
Heap after GC invocations=35 (full 4):
 PSYoungGen      total 478720K, used 48355K [0x00000007cd680000, 0x00000007ff200000, 0x0000000800000000)
  eden space 430080K, 0% used [0x00000007cd680000,0x00000007cd680000,0x00000007e7a80000)
  from space 48640K, 99% used [0x00000007e7a80000,0x00000007ea9b8f48,0x00000007eaa00000)
  to   space 190464K, 0% used [0x00000007f3800000,0x00000007f3800000,0x00000007ff200000)
 ParOldGen       total 817152K, used 611350K [0x0000000768400000, 0x000000079a200000, 0x00000007cd680000)
  object space 817152K, 74% used [0x0000000768400000,0x000000078d905a00,0x000000079a200000)
 PSPermGen       total 73216K, used 43361K [0x0000000763200000, 0x0000000767980000, 0x0000000768400000)
  object space 73216K, 59% used [0x0000000763200000,0x0000000765c585d0,0x0000000767980000)
}
Event: 107.409 GC heap before
{Heap before GC invocations=36 (full 4):
 PSYoungGen      total 478720K, used 478435K [0x00000007cd680000, 0x00000007ff200000, 0x0000000800000000)
  eden space 430080K, 100% used [0x00000007cd680000,0x00000007e7a80000,0x00000007e7a80000)
  from space 48640K, 99% used [0x00000007e7a80000,0x00000007ea9b8f48,0x00000007eaa00000)
  to   space 190464K, 0% used [0x00000007f3800000,0x00000007f3800000,0x00000007ff200000)
 ParOldGen       total 817152K, used 611350K [0x0000000768400000, 0x000000079a200000, 0x00000007cd680000)
  object space 817152K, 74% used [0x0000000768400000,0x000000078d905a00,0x000000079a200000)
 PSPermGen       total 73216K, used 52376K [0x0000000763200000, 0x0000000767980000, 0x0000000768400000)
  object space 73216K, 71% used [0x0000000763200000,0x0000000766526020,0x0000000767980000)
Event: 107.545 GC heap after
Heap after GC invocations=36 (full 4):
 PSYoungGen      total 540160K, used 190457K [0x00000007cd680000, 0x0000000800000000, 0x0000000800000000)
  eden space 349696K, 0% used [0x00000007cd680000,0x00000007cd680000,0x00000007e2c00000)
  from space 190464K, 99% used [0x00000007f3800000,0x00000007ff1fe688,0x00000007ff200000)
  to   space 239616K, 0% used [0x00000007e2c00000,0x00000007e2c00000,0x00000007f1600000)
 ParOldGen       total 817152K, used 659726K [0x0000000768400000, 0x000000079a200000, 0x00000007cd680000)
  object space 817152K, 80% used [0x0000000768400000,0x0000000790843950,0x000000079a200000)
 PSPermGen       total 73216K, used 52376K [0x0000000763200000, 0x0000000767980000, 0x0000000768400000)
  object space 73216K, 71% used [0x0000000763200000,0x0000000766526020,0x0000000767980000)
}
Event: 109.515 GC heap before
{Heap before GC invocations=37 (full 4):
 PSYoungGen      total 540160K, used 490833K [0x00000007cd680000, 0x0000000800000000, 0x0000000800000000)
  eden space 349696K, 85% used [0x00000007cd680000,0x00000007dfbd5ea8,0x00000007e2c00000)
  from space 190464K, 99% used [0x00000007f3800000,0x00000007ff1fe688,0x00000007ff200000)
  to   space 239616K, 0% used [0x00000007e2c00000,0x00000007e2c00000,0x00000007f1600000)
 ParOldGen       total 817152K, used 659726K [0x0000000768400000, 0x000000079a200000, 0x00000007cd680000)
  object space 817152K, 80% used [0x0000000768400000,0x0000000790843950,0x000000079a200000)
 PSPermGen       total 73216K, used 53739K [0x0000000763200000, 0x0000000767980000, 0x0000000768400000)
  object space 73216K, 73% used [0x0000000763200000,0x000000076667aef0,0x0000000767980000)
Event: 109.666 GC heap after
Heap after GC invocations=37 (full 4):
 PSYoungGen      total 589312K, used 239616K [0x00000007cd680000, 0x0000000800000000, 0x0000000800000000)
  eden space 349696K, 0% used [0x00000007cd680000,0x00000007cd680000,0x00000007e2c00000)
  from space 239616K, 100% used [0x00000007e2c00000,0x00000007f1600000,0x00000007f1600000)
  to   space 239616K, 0% used [0x00000007f1600000,0x00000007f1600000,0x0000000800000000)
 ParOldGen       total 817152K, used 753951K [0x0000000768400000, 0x000000079a200000, 0x00000007cd680000)
  object space 817152K, 92% used [0x0000000768400000,0x0000000796447dd8,0x000000079a200000)
 PSPermGen       total 73216K, used 53739K [0x0000000763200000, 0x0000000767980000, 0x0000000768400000)
  object space 73216K, 73% used [0x0000000763200000,0x000000076667aef0,0x0000000767980000)
}
Event: 109.666 GC heap before
{Heap before GC invocations=38 (full 5):
 PSYoungGen      total 589312K, used 239616K [0x00000007cd680000, 0x0000000800000000, 0x0000000800000000)
  eden space 349696K, 0% used [0x00000007cd680000,0x00000007cd680000,0x00000007e2c00000)
  from space 239616K, 100% used [0x00000007e2c00000,0x00000007f1600000,0x00000007f1600000)
  to   space 239616K, 0% used [0x00000007f1600000,0x00000007f1600000,0x0000000800000000)
 ParOldGen       total 817152K, used 753951K [0x0000000768400000, 0x000000079a200000, 0x00000007cd680000)
  object space 817152K, 92% used [0x0000000768400000,0x0000000796447dd8,0x000000079a200000)
 PSPermGen       total 73216K, used 53739K [0x0000000763200000, 0x0000000767980000, 0x0000000768400000)
  object space 73216K, 73% used [0x0000000763200000,0x000000076667aef0,0x0000000767980000)
Event: 112.213 GC heap after
Heap after GC invocations=38 (full 5):
 PSYoungGen      total 589312K, used 171269K [0x00000007cd680000, 0x0000000800000000, 0x0000000800000000)
  eden space 349696K, 0% used [0x00000007cd680000,0x00000007cd680000,0x00000007e2c00000)
  from space 239616K, 71% used [0x00000007e2c00000,0x00000007ed341750,0x00000007f1600000)
  to   space 239616K, 0% used [0x00000007f1600000,0x00000007f1600000,0x0000000800000000)
 ParOldGen       total 817152K, used 816778K [0x0000000768400000, 0x000000079a200000, 0x00000007cd680000)
  object space 817152K, 99% used [0x0000000768400000,0x000000079a1a2bb0,0x000000079a200000)
 PSPermGen       total 83968K, used 53733K [0x0000000763200000, 0x0000000768400000, 0x0000000768400000)
  object space 83968K, 63% used [0x0000000763200000,0x00000007666794d0,0x0000000768400000)
}

Deoptimization events (10 events):
Event: 1429.203 Thread 0x000000000f6e6000 Uncommon trap: reason=unstable_if action=reinterpret pc=0x00000000033debb8 method=com.aionemu.gameserver.controllers.movement.NpcMoveController.moveToLocation(FFFF)V @ 700
Event: 1429.203 Thread 0x000000000f6e6000 Uncommon trap: reason=unstable_if action=reinterpret pc=0x0000000003b23ebc method=com.aionemu.gameserver.controllers.movement.NpcMoveController.getMoveMask(Z)B @ 25
Event: 1429.420 Thread 0x00000000110fa000 Uncommon trap: reason=unstable_if action=reinterpret pc=0x0000000003b4477c method=com.aionemu.gameserver.taskmanager.tasks.MovementNotifyTask.callTask(Lcom/aionemu/gameserver/model/gameobjects/Creature;)V @ 7
Event: 1469.114 Thread 0x000000000f6e7000 Uncommon trap: reason=unstable_if action=reinterpret pc=0x0000000003b6c374 method=com.aionemu.gameserver.world.MapRegion.isMapRegionActive()Z @ 13
Event: 1480.464 Thread 0x000000000f6eb800 Uncommon trap: reason=unstable_if action=reinterpret pc=0x0000000003b56b40 method=com.aionemu.gameserver.world.MapRegion.isMapRegionActive()Z @ 13
Event: 1520.818 Thread 0x000000000f6e9000 Uncommon trap: reason=unstable_if action=reinterpret pc=0x0000000003b6b5fc method=com.aionemu.gameserver.world.MapRegion.isMapRegionActive()Z @ 13
Event: 1521.828 Thread 0x000000000f6de800 Uncommon trap: reason=class_check action=maybe_recompile pc=0x00000000039c3898 method=com.aionemu.gameserver.ai2.AbstractAI.handleGeneralEvent(Lcom/aionemu/gameserver/ai2/event/AIEventType;)V @ 247
Event: 1522.879 Thread 0x0000000011107000 Uncommon trap: reason=class_check action=maybe_recompile pc=0x00000000039c3898 method=com.aionemu.gameserver.ai2.AbstractAI.handleGeneralEvent(Lcom/aionemu/gameserver/ai2/event/AIEventType;)V @ 247
Event: 1523.530 Thread 0x000000000f6ea800 Uncommon trap: reason=class_check action=maybe_recompile pc=0x00000000039c3898 method=com.aionemu.gameserver.ai2.AbstractAI.handleGeneralEvent(Lcom/aionemu/gameserver/ai2/event/AIEventType;)V @ 247
Event: 1524.204 Thread 0x000000000f6dd000 Uncommon trap: reason=class_check action=maybe_recompile pc=0x00000000039c3898 method=com.aionemu.gameserver.ai2.AbstractAI.handleGeneralEvent(Lcom/aionemu/gameserver/ai2/event/AIEventType;)V @ 247

Internal exceptions (10 events):
Event: 1341.998 Thread 0x00000000110fb000 Implicit null exception at 0x0000000003189523 to 0x00000000031896fd
Event: 1370.745 Thread 0x00000000110fd000 Threw 0x00000007cecfbf18 at C:\re\jdk7u80\2329\hotspot\src\share\vm\prims\jvm.cpp:1319
Event: 1370.761 Thread 0x00000000110fd000 Threw 0x00000007da96ccd8 at C:\re\jdk7u80\2329\hotspot\src\share\vm\prims\jvm.cpp:1319
Event: 1370.778 Thread 0x00000000110fd000 Threw 0x00000007da97c298 at C:\re\jdk7u80\2329\hotspot\src\share\vm\prims\jvm.cpp:1319
Event: 1370.806 Thread 0x00000000110fd000 Threw 0x00000007da9a16e0 at C:\re\jdk7u80\2329\hotspot\src\share\vm\prims\jvm.cpp:1319
Event: 1370.813 Thread 0x00000000110fd000 Threw 0x00000007da9b4f88 at C:\re\jdk7u80\2329\hotspot\src\share\vm\prims\jvm.cpp:1319
Event: 1375.814 Thread 0x000000000f6e6000 Threw 0x00000007d197a660 at C:\re\jdk7u80\2329\hotspot\src\share\vm\prims\jvm.cpp:1319
Event: 1375.851 Thread 0x000000000f6e6000 Threw 0x00000007dab8aa60 at C:\re\jdk7u80\2329\hotspot\src\share\vm\prims\jvm.cpp:1319
Event: 1375.867 Thread 0x000000000f6e6000 Threw 0x00000007daba1b88 at C:\re\jdk7u80\2329\hotspot\src\share\vm\prims\jvm.cpp:1319
Event: 1375.886 Thread 0x000000000f6e6000 Threw 0x00000007dabbbd10 at C:\re\jdk7u80\2329\hotspot\src\share\vm\prims\jvm.cpp:1319

Events (10 events):
Event: 1536.169 Executing VM operation: GetOrSetLocal
Event: 1536.169 Executing VM operation: GetOrSetLocal done
Event: 1536.173 Executing VM operation: GetOrSetLocal
Event: 1536.173 Executing VM operation: GetOrSetLocal done
Event: 1536.174 Executing VM operation: GetOrSetLocal
Event: 1536.174 Executing VM operation: GetOrSetLocal done
Event: 1542.580 Executing VM operation: RedefineClasses
Event: 1542.606 Executing VM operation: RedefineClasses done
Event: 1542.730 Thread 0x000000000e9a9800 flushing nmethod 0x0000000003b45cd0
Event: 1542.730 Thread 0x000000000e9a9800 flushing nmethod 0x0000000003bb9cd0


Dynamic libraries:
0x00007ff7edec0000 - 0x00007ff7edef3000 	C:\Program Files\Java\jdk1.7.0_80\bin\javaw.exe
0x00007fffea260000 - 0x00007fffea450000 	C:\Windows\SYSTEM32\ntdll.dll
0x00007fffe9ef0000 - 0x00007fffe9fa2000 	C:\Windows\System32\KERNEL32.DLL
0x00007fffe7850000 - 0x00007fffe7af5000 	C:\Windows\System32\KERNELBASE.dll
0x00007fffea170000 - 0x00007fffea213000 	C:\Windows\System32\ADVAPI32.dll
0x00007fffe8fe0000 - 0x00007fffe907e000 	C:\Windows\System32\msvcrt.dll
0x00007fffe9fb0000 - 0x00007fffea047000 	C:\Windows\System32\sechost.dll
0x00007fffe95c0000 - 0x00007fffe96e0000 	C:\Windows\System32\RPCRT4.dll
0x00007fffe9080000 - 0x00007fffe9215000 	C:\Windows\System32\USER32.dll
0x00007fffe75c0000 - 0x00007fffe75e1000 	C:\Windows\System32\win32u.dll
0x00007fffe9c00000 - 0x00007fffe9c26000 	C:\Windows\System32\GDI32.dll
0x00007fffe75f0000 - 0x00007fffe7786000 	C:\Windows\System32\gdi32full.dll
0x00007fffe77b0000 - 0x00007fffe784e000 	C:\Windows\System32\msvcp_win.dll
0x00007fffe71f0000 - 0x00007fffe72ea000 	C:\Windows\System32\ucrtbase.dll
0x00007fffd6750000 - 0x00007fffd69d4000 	C:\Windows\WinSxS\amd64_microsoft.windows.common-controls_6595b64144ccf1df_6.0.18362.1082_none_9e8193e1e45b25c1\COMCTL32.dll
0x00007fffe98b0000 - 0x00007fffe9be5000 	C:\Windows\System32\combase.dll
0x00007fffe73a0000 - 0x00007fffe7420000 	C:\Windows\System32\bcryptPrimitives.dll
0x00007fffe8a00000 - 0x00007fffe8a2e000 	C:\Windows\System32\IMM32.DLL
0x0000000059e50000 - 0x0000000059f22000 	C:\Program Files\Java\jdk1.7.0_80\jre\bin\msvcr100.dll
0x0000000059670000 - 0x0000000059e49000 	C:\Program Files\Java\jdk1.7.0_80\jre\bin\server\jvm.dll
0x00007fffe9bf0000 - 0x00007fffe9bf8000 	C:\Windows\System32\PSAPI.DLL
0x00007fffda660000 - 0x00007fffda684000 	C:\Windows\SYSTEM32\WINMM.dll
0x00007fffe1c40000 - 0x00007fffe1c49000 	C:\Windows\SYSTEM32\WSOCK32.dll
0x00007fffe9840000 - 0x00007fffe98af000 	C:\Windows\System32\WS2_32.dll
0x00007fffdb3d0000 - 0x00007fffdb3fd000 	C:\Windows\SYSTEM32\winmmbase.dll
0x00007fffe7420000 - 0x00007fffe746a000 	C:\Windows\System32\cfgmgr32.dll
0x0000000059660000 - 0x000000005966f000 	C:\Program Files\Java\jdk1.7.0_80\jre\bin\verify.dll
0x0000000059630000 - 0x0000000059658000 	C:\Program Files\Java\jdk1.7.0_80\jre\bin\java.dll
0x0000000059480000 - 0x00000000594b5000 	C:\Program Files\Java\jdk1.7.0_80\jre\bin\jdwp.dll
0x0000000059470000 - 0x0000000059478000 	C:\Program Files\Java\jdk1.7.0_80\jre\bin\npt.dll
0x0000000059440000 - 0x0000000059463000 	C:\Program Files\Java\jdk1.7.0_80\jre\bin\instrument.dll
0x0000000059610000 - 0x0000000059626000 	C:\Program Files\Java\jdk1.7.0_80\jre\bin\zip.dll
0x0000000059430000 - 0x0000000059439000 	C:\Program Files\Java\jdk1.7.0_80\jre\bin\dt_socket.dll
0x00007fffd50c0000 - 0x00007fffd50d6000 	C:\Windows\system32\napinsp.dll
0x00007fffd50a0000 - 0x00007fffd50ba000 	C:\Windows\system32\pnrpnsp.dll
0x00007fffe6910000 - 0x00007fffe6977000 	C:\Windows\System32\mswsock.dll
0x00007fffe6660000 - 0x00007fffe672b000 	C:\Windows\SYSTEM32\DNSAPI.dll
0x00007fffea050000 - 0x00007fffea058000 	C:\Windows\System32\NSI.dll
0x00007fffe6620000 - 0x00007fffe665a000 	C:\Windows\SYSTEM32\IPHLPAPI.DLL
0x00007fffe0200000 - 0x00007fffe020e000 	C:\Windows\System32\winrnr.dll
0x00007fffe1bf0000 - 0x00007fffe1c0c000 	C:\Windows\system32\NLAapi.dll
0x00007fffe3f30000 - 0x00007fffe3f45000 	C:\Windows\system32\wshbth.dll
0x00007fffdec90000 - 0x00007fffded07000 	C:\Windows\System32\fwpuclnt.dll
0x00007fffe7b60000 - 0x00007fffe7b86000 	C:\Windows\System32\bcrypt.dll
0x00007fffde0d0000 - 0x00007fffde0da000 	C:\Windows\System32\rasadhlp.dll
0x00000000595f0000 - 0x000000005960a000 	C:\Program Files\Java\jdk1.7.0_80\jre\bin\net.dll
0x00000000595d0000 - 0x00000000595e1000 	C:\Program Files\Java\jdk1.7.0_80\jre\bin\nio.dll
0x00007fffe7790000 - 0x00007fffe77a7000 	C:\Windows\System32\CRYPTSP.dll
0x00007fffe6480000 - 0x00007fffe64b3000 	C:\Windows\system32\rsaenh.dll
0x00007fffe7040000 - 0x00007fffe7065000 	C:\Windows\SYSTEM32\USERENV.dll
0x00007fffe71c0000 - 0x00007fffe71e3000 	C:\Windows\System32\profapi.dll
0x00007fffe6ae0000 - 0x00007fffe6aec000 	C:\Windows\SYSTEM32\CRYPTBASE.dll
0x00007fffde490000 - 0x00007fffde4a6000 	C:\Windows\SYSTEM32\dhcpcsvc6.DLL
0x00007fffdfc90000 - 0x00007fffdfcac000 	C:\Windows\SYSTEM32\dhcpcsvc.DLL
0x00000000595c0000 - 0x00000000595cb000 	C:\Program Files\Java\jdk1.7.0_80\jre\bin\management.dll
0x00007fffe5a80000 - 0x00007fffe5c74000 	C:\Windows\SYSTEM32\dbghelp.dll

VM Arguments:
jvm_args: -agentlib:jdwp=transport=dt_socket,suspend=y,address=localhost:52343 -Xms256m -Xmx2428m -Xbootclasspath/p:libs/jsr166-1.0.0.jar -ea -javaagent:./libs/al-commons-1.3.jar -javaagent:C:\Users\luizw\Documents\eclipse-jee-2020-06-R-win32-x86_64\eclipse\configuration\org.eclipse.osgi\413\0\.cp\lib\javaagent-shaded.jar -Dfile.encoding=UTF-8 -Xbootclasspath/a:C:\Users\luizw\Documents\edgework\aelp\AL-Game\data\scripts\system\handlers 
java_command: com.aionemu.gameserver.GameServer
Launcher Type: SUN_STANDARD

Environment Variables:
PATH=C:\Program Files\Java\jdk1.7.0_80\jre\bin;C:\Program Files (x86)\Common Files\Oracle\Java\javapath;C:\Windows\system32;C:\Windows;C:\Windows\System32\Wbem;C:\Windows\System32\WindowsPowerShell\v1.0\;C:\Windows\System32\OpenSSH\;C:\Program Files\Git\cmd;C:\Program Files\MySQL\MySQL Utilities 1.6\;C:\MinGW\bin;C:\Users\luizw\AppData\Local\Microsoft\WindowsApps;C:\MinGW\bin;
USERNAME=luizw
OS=Windows_NT
PROCESSOR_IDENTIFIER=Intel64 Family 6 Model 142 Stepping 12, GenuineIntel



---------------  S Y S T E M  ---------------

OS: Windows 8.1 , 64 bit Build 9600 

CPU:total 8 (4 cores per cpu, 2 threads per core) family 6 model 142 stepping 12, cmov, cx8, fxsr, mmx, sse, sse2, sse3, ssse3, sse4.1, sse4.2, popcnt, avx, avx2, aes, erms, ht, tsc, tscinvbit

Memory: 4k page, physical 8236736k(1951748k free), swap 19772124k(9103044k free)

vm_info: Java HotSpot(TM) 64-Bit Server VM (24.80-b11) for windows-amd64 JRE (1.7.0_80-b15), built on Apr 10 2015 11:26:34 by "java_re" with unknown MS VC++:1600

time: Sat Oct 10 23:43:08 2020
elapsed time: 1543 seconds

