<<<<<<< HEAD
2020-09-23 10:06:34,402 admin got authed state
2020-09-23 11:11:04,355 asmo got authed state
2020-09-23 11:13:18,281 asmo got authed state
2020-09-23 11:24:36,461 admin got authed state
2020-09-23 12:02:33,315 admin got authed state
=======
2020-10-03 18:16:28,344 admin got authed state
2020-10-03 18:18:37,685 admin got authed state
2020-10-03 18:38:41,017 admin got authed state
2020-10-03 18:43:17,057 admin got authed state
2020-10-03 19:08:42,803 admin got authed state
2020-10-03 19:32:22,905 admin got authed state
2020-10-03 19:37:28,749 admin got authed state
2020-10-03 21:48:15,649 admin got authed state
2020-10-03 22:31:35,541 admin got authed state
2020-10-03 22:37:10,019 admin got authed state
2020-10-03 23:56:47,840 admin got authed state
2020-10-04 00:33:23,418 admin got authed state
>>>>>>> ba5a1fdd25f961defe6cb19a8e35eabf11138246
