18:07:13.517 INFO [main]: org.quartz.impl.StdSchedulerFactory [StdSchedulerFactory.java:1175] - Using default implementation for ThreadExecutor
18:07:13.532 INFO [main]: org.quartz.core.SchedulerSignalerImpl [SchedulerSignalerImpl.java:61] - Initialized Scheduler Signaller of type: class org.quartz.core.SchedulerSignalerImpl
18:07:13.533 INFO [main]: org.quartz.core.QuartzScheduler [QuartzScheduler.java:243] - Quartz Scheduler v.2.1.7 created.
18:07:13.534 INFO [main]: org.quartz.simpl.RAMJobStore [RAMJobStore.java:154] - RAMJobStore initialized.
18:07:13.535 INFO [main]: org.quartz.core.QuartzScheduler [QuartzScheduler.java:268] - Scheduler meta-data: Quartz Scheduler (v2.1.7) 'QuartzScheduler' with instanceId 'NON_CLUSTERED'
  Scheduler class: 'org.quartz.core.QuartzScheduler' - running locally.
  NOT STARTED.
  Currently in standby mode.
  Number of jobs executed: 0
  Using thread pool 'org.quartz.simpl.SimpleThreadPool' - with 1 threads.
  Using job-store 'org.quartz.simpl.RAMJobStore' - which does not support persistence. and is not clustered.

18:07:13.537 INFO [main]: org.quartz.impl.StdSchedulerFactory [StdSchedulerFactory.java:1324] - Quartz scheduler 'QuartzScheduler' initialized from an externally provided properties instance.
18:07:13.537 INFO [main]: org.quartz.impl.StdSchedulerFactory [StdSchedulerFactory.java:1328] - Quartz scheduler version: 2.1.7
18:07:13.537 INFO [main]: org.quartz.core.QuartzScheduler [QuartzScheduler.java:534] - Scheduler QuartzScheduler_$_NON_CLUSTERED started.
18:07:13.538 INFO [main]: com.aionemu.loginserver.LoginServer [LoginServer.java:102] - 2020-10-03 18-07-13
18:07:13.710 INFO [main]: com.aionemu.loginserver.configs.Config [Config.java:124] - Loading: myls.properties
18:07:13.712 INFO [main]: com.aionemu.loginserver.configs.Config [Config.java:128] - No override properties found
18:07:13.721 INFO [main]: com.aionemu.loginserver.configs.Config [Config.java:135] - Loading: ./config/network/network.properties
18:07:13.734 INFO [main]: com.aionemu.loginserver.configs.Config [Config.java:137] - Loading: ./config/network/commons.properties
18:07:13.734 INFO [main]: com.aionemu.loginserver.configs.Config [Config.java:139] - Loading: ./config/network/database.properties
18:07:14.118 INFO [main]: com.aionemu.commons.database.DatabaseFactory [DatabaseFactory.java:123] - Successfully connected to database
18:07:14.885 INFO [main]: com.aionemu.commons.database.dao.DAOManager [DAOManager.java:85] - Loaded 8 DAO implementations.
18:07:14.892 INFO [main]: com.aionemu.loginserver.utils.ThreadPoolManager [ThreadPoolManager.java:54] - ThreadPoolManager: Initialized with 23 scheduler, 11 instant, 0 long running thread(s).
18:07:14.892 INFO [main]: com.aionemu.loginserver.network.ncrypt.KeyGen [KeyGen.java:43] - Initializing Key Generator...
18:07:15.835 INFO [main]: com.aionemu.loginserver.GameServerTable [GameServerTable.java:51] - GameServerTable loaded 1 registered GameServers.
18:07:15.935 INFO [main]: com.aionemu.loginserver.controller.BannedIpController [BannedIpController.java:53] - BannedIpController loaded 0 IP bans.
18:07:16.004 INFO [main]: com.aionemu.commons.network.NioServer [NioServer.java:117] - Server listening on all available IPs on Port 9014 for Gs Connections
18:07:16.005 INFO [main]: com.aionemu.commons.network.NioServer [NioServer.java:117] - Server listening on all available IPs on Port 2106 for Aion Connections
18:07:16.017 INFO [main]: com.aionemu.loginserver.service.PlayerTransferService [PlayerTransferService.java:49] - PlayerTransferService will be initialized in 10 sec.
18:07:16.113 ERROR[main]: mysql5.MySQL5TaskFromDBDAO [MySQL5TaskFromDBDAO.java]:70] - Loading tasks failed: 
com.mysql.jdbc.exceptions.jdbc4.MySQLSyntaxErrorException: Table 'al_server_ls.tasks' doesn't exist
	at sun.reflect.NativeConstructorAccessorImpl.newInstance0(Native Method) ~[na:1.7.0_80]
	at sun.reflect.NativeConstructorAccessorImpl.newInstance(NativeConstructorAccessorImpl.java:57) ~[na:1.7.0_80]
	at sun.reflect.DelegatingConstructorAccessorImpl.newInstance(DelegatingConstructorAccessorImpl.java:45) ~[na:1.7.0_80]
	at java.lang.reflect.Constructor.newInstance(Constructor.java:526) ~[na:1.7.0_80]
	at com.mysql.jdbc.Util.handleNewInstance(Util.java:411) ~[mysql-connector-java-5.1.18.jar:na]
	at com.mysql.jdbc.Util.getInstance(Util.java:386) ~[mysql-connector-java-5.1.18.jar:na]
	at com.mysql.jdbc.SQLError.createSQLException(SQLError.java:1052) ~[mysql-connector-java-5.1.18.jar:na]
	at com.mysql.jdbc.MysqlIO.checkErrorPacket(MysqlIO.java:3609) ~[mysql-connector-java-5.1.18.jar:na]
	at com.mysql.jdbc.MysqlIO.checkErrorPacket(MysqlIO.java:3541) ~[mysql-connector-java-5.1.18.jar:na]
	at com.mysql.jdbc.MysqlIO.sendCommand(MysqlIO.java:2002) ~[mysql-connector-java-5.1.18.jar:na]
	at com.mysql.jdbc.MysqlIO.sqlQueryDirect(MysqlIO.java:2163) ~[mysql-connector-java-5.1.18.jar:na]
	at com.mysql.jdbc.ConnectionImpl.execSQL(ConnectionImpl.java:2624) ~[mysql-connector-java-5.1.18.jar:na]
	at com.mysql.jdbc.PreparedStatement.executeInternal(PreparedStatement.java:2127) ~[mysql-connector-java-5.1.18.jar:na]
	at com.mysql.jdbc.PreparedStatement.executeQuery(PreparedStatement.java:2293) ~[mysql-connector-java-5.1.18.jar:na]
	at com.jolbox.bonecp.PreparedStatementHandle.executeQuery(PreparedStatementHandle.java:172) ~[bonecp-0.7.1.RELEASE.jar:0.7.1.RELEASE]
	at mysql5.MySQL5TaskFromDBDAO.getAllTasks(MySQL5TaskFromDBDAO.java]:37) ~[na:na]
	at com.aionemu.loginserver.taskmanager.TaskFromDBManager.<init>(TaskFromDBManager.java:20) [AL-Login.jar:na]
	at com.aionemu.loginserver.taskmanager.TaskFromDBManager.<init>(TaskFromDBManager.java:19) [AL-Login.jar:na]
	at com.aionemu.loginserver.taskmanager.TaskFromDBManager$SingletonHolder.<clinit>(TaskFromDBManager.java:63) [AL-Login.jar:na]
	at com.aionemu.loginserver.taskmanager.TaskFromDBManager.getInstance(TaskFromDBManager.java:55) [AL-Login.jar:na]
	at com.aionemu.loginserver.LoginServer.main(LoginServer.java:129) [AL-Login.jar:na]
18:07:16.113 INFO [main]: com.aionemu.loginserver.taskmanager.TaskFromDBManager [TaskFromDBManager.java:21] - Loaded 0 task from the database
18:07:16.114 INFO [main]: com.aionemu.commons.utils.AEInfos [AEInfos.java:117] - OS: Windows 8.1 Build: 6.3
18:07:16.115 INFO [main]: com.aionemu.commons.utils.AEInfos [AEInfos.java:117] - OS Arch: amd64
18:07:16.117 INFO [main]: com.aionemu.commons.utils.AEInfos [AEInfos.java:117] - ..................................................
18:07:16.118 INFO [main]: com.aionemu.commons.utils.AEInfos [AEInfos.java:117] - ..................................................
18:07:16.120 INFO [main]: com.aionemu.commons.utils.AEInfos [AEInfos.java:112] - Available CPU(s): 8
18:07:16.121 INFO [main]: com.aionemu.commons.utils.AEInfos [AEInfos.java:112] - Processor(s) Identifier: Intel64 Family 6 Model 142 Stepping 12, GenuineIntel
18:07:16.121 INFO [main]: com.aionemu.commons.utils.AEInfos [AEInfos.java:112] - ..................................................
18:07:16.122 INFO [main]: com.aionemu.commons.utils.AEInfos [AEInfos.java:112] - ..................................................
18:07:16.122 INFO [main]: com.aionemu.commons.utils.AEInfos [AEInfos.java:122] - Java Platform Information
18:07:16.123 INFO [main]: com.aionemu.commons.utils.AEInfos [AEInfos.java:122] - Java Runtime  Name: Java(TM) SE Runtime Environment
18:07:16.124 INFO [main]: com.aionemu.commons.utils.AEInfos [AEInfos.java:122] - Java Version: 1.7.0_80
18:07:16.126 INFO [main]: com.aionemu.commons.utils.AEInfos [AEInfos.java:122] - Java Class Version: 51.0
18:07:16.126 INFO [main]: com.aionemu.commons.utils.AEInfos [AEInfos.java:122] - ..................................................
18:07:16.128 INFO [main]: com.aionemu.commons.utils.AEInfos [AEInfos.java:122] - ..................................................
18:07:16.128 INFO [main]: com.aionemu.commons.utils.AEInfos [AEInfos.java:127] - Virtual Machine Information (JVM)
18:07:16.129 INFO [main]: com.aionemu.commons.utils.AEInfos [AEInfos.java:127] - JVM Name: Java HotSpot(TM) 64-Bit Server VM
18:07:16.129 INFO [main]: com.aionemu.commons.utils.AEInfos [AEInfos.java:127] - JVM installation directory: C:\Program Files\Java\jdk1.7.0_80\jre
18:07:16.130 INFO [main]: com.aionemu.commons.utils.AEInfos [AEInfos.java:127] - JVM version: 24.80-b11
18:07:16.131 INFO [main]: com.aionemu.commons.utils.AEInfos [AEInfos.java:127] - JVM Vendor: Oracle Corporation
18:07:16.131 INFO [main]: com.aionemu.commons.utils.AEInfos [AEInfos.java:127] - JVM Info: mixed mode
18:07:16.132 INFO [main]: com.aionemu.commons.utils.AEInfos [AEInfos.java:127] - ..................................................
18:07:16.132 INFO [main]: com.aionemu.commons.utils.AEInfos [AEInfos.java:127] - ..................................................
18:07:16.133 INFO [main]: com.aionemu.commons.utils.AEInfos [AEInfos.java:107] - +----
18:07:16.134 INFO [main]: com.aionemu.commons.utils.AEInfos [AEInfos.java:107] - | Global Memory Informations at 18:07:16:
18:07:16.134 INFO [main]: com.aionemu.commons.utils.AEInfos [AEInfos.java:107] - |    |
18:07:16.136 INFO [main]: com.aionemu.commons.utils.AEInfos [AEInfos.java:107] - | Allowed Memory: 232960 KB
18:07:16.136 INFO [main]: com.aionemu.commons.utils.AEInfos [AEInfos.java:107] - |    |= Allocated Memory: 80384 KB (34,5055%)
18:07:16.137 INFO [main]: com.aionemu.commons.utils.AEInfos [AEInfos.java:107] - |    |= Non-Allocated Memory: 152576 KB (65,4945%)
18:07:16.137 INFO [main]: com.aionemu.commons.utils.AEInfos [AEInfos.java:107] - | Allocated Memory: 80384 KB
18:07:16.138 INFO [main]: com.aionemu.commons.utils.AEInfos [AEInfos.java:107] - |    |= Used Memory: 45293 KB (19,4424%)
18:07:16.138 INFO [main]: com.aionemu.commons.utils.AEInfos [AEInfos.java:107] - |    |= Unused (cached) Memory: 35091 KB (15,0631%)
18:07:16.139 INFO [main]: com.aionemu.commons.utils.AEInfos [AEInfos.java:107] - | Useable Memory: 187667 KB (80,5576%)
18:07:16.139 INFO [main]: com.aionemu.commons.utils.AEInfos [AEInfos.java:107] - +----
18:07:16.140 INFO [main]: PREMIUM_CTRL [PremiumController.java:31] - PremiumController is ready for requests.
18:07:16.140 INFO [main]: com.aionemu.loginserver.LoginServer [LoginServer.java:136] - AL Login Server started in 2 seconds.
18:07:19.931 INFO [AcceptReadWrite Dispatcher]: com.aionemu.loginserver.network.gameserver.GsConnection [GsConnection.java:251] - Gameserver connection attemp from: 127.0.0.1
18:07:19.937 INFO [pool-4-thread-1]: com.aionemu.loginserver.network.gameserver.clientpackets.CM_GS_AUTH [CM_GS_AUTH.java:87] - Gameserver #1 is now online.
18:07:24.938 INFO [pool-3-thread-5]: com.aionemu.loginserver.PingPongThread [PingPongThread.java:35] - PingPong for gameserver #1 has started.
18:07:26.023 INFO [pool-3-thread-2]: com.aionemu.loginserver.service.PlayerTransferService [PlayerTransferService.java:57] - PlayerTransfer perform task init. 0 new tasks.
18:14:26.043 INFO [pool-3-thread-3]: com.aionemu.loginserver.service.PlayerTransferService [PlayerTransferService.java:57] - PlayerTransfer perform task init. 0 new tasks.
18:16:27.511 INFO [AcceptReadWrite Dispatcher]: com.aionemu.loginserver.network.aion.LoginConnection [LoginConnection.java:380] - Connection attemp from: 127.0.0.1
18:18:37.471 INFO [AcceptReadWrite Dispatcher]: com.aionemu.loginserver.network.aion.LoginConnection [LoginConnection.java:380] - Connection attemp from: 127.0.0.1
18:21:26.043 INFO [pool-3-thread-4]: com.aionemu.loginserver.service.PlayerTransferService [PlayerTransferService.java:57] - PlayerTransfer perform task init. 0 new tasks.
18:28:26.020 INFO [pool-3-thread-13]: com.aionemu.loginserver.service.PlayerTransferService [PlayerTransferService.java:57] - PlayerTransfer perform task init. 0 new tasks.
18:34:45.832 INFO [pool-6-thread-1]: com.aionemu.loginserver.network.gameserver.GsConnection [GsConnection.java:126] - GameServer [ID:1] 127.0.0.1 disconnected
18:34:46.315 WARN [pool-3-thread-5]: com.aionemu.commons.utils.concurrent.ExecuteWrapper [ExecuteWrapper.java:67] - class com.aionemu.loginserver.PingPongThread - execution time: 1641278msec
18:35:26.019 INFO [pool-3-thread-23]: com.aionemu.loginserver.service.PlayerTransferService [PlayerTransferService.java:57] - PlayerTransfer perform task init. 0 new tasks.
18:38:37.940 INFO [AcceptReadWrite Dispatcher]: com.aionemu.loginserver.network.gameserver.GsConnection [GsConnection.java:251] - Gameserver connection attemp from: 127.0.0.1
18:38:38.177 INFO [pool-4-thread-4]: com.aionemu.loginserver.network.gameserver.clientpackets.CM_GS_AUTH [CM_GS_AUTH.java:87] - Gameserver #1 is now online.
18:38:40.840 INFO [AcceptReadWrite Dispatcher]: com.aionemu.loginserver.network.aion.LoginConnection [LoginConnection.java:380] - Connection attemp from: 127.0.0.1
18:38:43.179 INFO [pool-3-thread-3]: com.aionemu.loginserver.PingPongThread [PingPongThread.java:35] - PingPong for gameserver #1 has started.
18:41:02.974 INFO [pool-6-thread-1]: com.aionemu.loginserver.network.gameserver.GsConnection [GsConnection.java:126] - GameServer [ID:1] 127.0.0.1 disconnected
18:41:04.203 WARN [pool-3-thread-3]: com.aionemu.commons.utils.concurrent.ExecuteWrapper [ExecuteWrapper.java:67] - class com.aionemu.loginserver.PingPongThread - execution time: 141024msec
18:42:26.021 INFO [pool-3-thread-2]: com.aionemu.loginserver.service.PlayerTransferService [PlayerTransferService.java:57] - PlayerTransfer perform task init. 0 new tasks.
18:42:38.277 INFO [AcceptReadWrite Dispatcher]: com.aionemu.loginserver.network.gameserver.GsConnection [GsConnection.java:251] - Gameserver connection attemp from: 127.0.0.1
18:42:38.296 INFO [pool-4-thread-1]: com.aionemu.loginserver.network.gameserver.clientpackets.CM_GS_AUTH [CM_GS_AUTH.java:87] - Gameserver #1 is now online.
18:42:43.298 INFO [pool-3-thread-20]: com.aionemu.loginserver.PingPongThread [PingPongThread.java:35] - PingPong for gameserver #1 has started.
18:43:16.871 INFO [AcceptReadWrite Dispatcher]: com.aionemu.loginserver.network.aion.LoginConnection [LoginConnection.java:380] - Connection attemp from: 127.0.0.1
18:49:26.020 INFO [pool-3-thread-21]: com.aionemu.loginserver.service.PlayerTransferService [PlayerTransferService.java:57] - PlayerTransfer perform task init. 0 new tasks.
18:56:26.020 INFO [pool-3-thread-18]: com.aionemu.loginserver.service.PlayerTransferService [PlayerTransferService.java:57] - PlayerTransfer perform task init. 0 new tasks.
19:03:26.226 INFO [pool-3-thread-5]: com.aionemu.loginserver.service.PlayerTransferService [PlayerTransferService.java:57] - PlayerTransfer perform task init. 0 new tasks.
19:03:52.480 INFO [pool-6-thread-1]: com.aionemu.loginserver.network.gameserver.GsConnection [GsConnection.java:126] - GameServer [ID:1] 127.0.0.1 disconnected
19:03:52.531 WARN [pool-3-thread-20]: com.aionemu.commons.utils.concurrent.ExecuteWrapper [ExecuteWrapper.java:67] - class com.aionemu.loginserver.PingPongThread - execution time: 1269219msec
19:06:44.850 INFO [AcceptReadWrite Dispatcher]: com.aionemu.loginserver.network.gameserver.GsConnection [GsConnection.java:251] - Gameserver connection attemp from: 127.0.0.1
19:06:45.048 INFO [pool-4-thread-8]: com.aionemu.loginserver.network.gameserver.clientpackets.CM_GS_AUTH [CM_GS_AUTH.java:87] - Gameserver #1 is now online.
19:06:50.051 INFO [pool-3-thread-16]: com.aionemu.loginserver.PingPongThread [PingPongThread.java:35] - PingPong for gameserver #1 has started.
19:08:42.358 INFO [AcceptReadWrite Dispatcher]: com.aionemu.loginserver.network.aion.LoginConnection [LoginConnection.java:380] - Connection attemp from: 127.0.0.1
19:10:26.021 INFO [pool-3-thread-14]: com.aionemu.loginserver.service.PlayerTransferService [PlayerTransferService.java:57] - PlayerTransfer perform task init. 0 new tasks.
19:17:26.021 INFO [pool-3-thread-8]: com.aionemu.loginserver.service.PlayerTransferService [PlayerTransferService.java:57] - PlayerTransfer perform task init. 0 new tasks.
19:24:26.073 INFO [pool-3-thread-23]: com.aionemu.loginserver.service.PlayerTransferService [PlayerTransferService.java:57] - PlayerTransfer perform task init. 0 new tasks.
19:26:54.056 INFO [pool-6-thread-1]: com.aionemu.loginserver.network.gameserver.GsConnection [GsConnection.java:126] - GameServer [ID:1] 127.0.0.1 disconnected
19:26:56.297 WARN [pool-3-thread-16]: com.aionemu.commons.utils.concurrent.ExecuteWrapper [ExecuteWrapper.java:67] - class com.aionemu.loginserver.PingPongThread - execution time: 1206226msec
19:30:39.130 INFO [AcceptReadWrite Dispatcher]: com.aionemu.loginserver.network.gameserver.GsConnection [GsConnection.java:251] - Gameserver connection attemp from: 127.0.0.1
19:30:39.460 INFO [pool-4-thread-5]: com.aionemu.loginserver.network.gameserver.clientpackets.CM_GS_AUTH [CM_GS_AUTH.java:87] - Gameserver #1 is now online.
19:30:44.462 INFO [pool-3-thread-11]: com.aionemu.loginserver.PingPongThread [PingPongThread.java:35] - PingPong for gameserver #1 has started.
19:31:26.023 INFO [pool-3-thread-10]: com.aionemu.loginserver.service.PlayerTransferService [PlayerTransferService.java:57] - PlayerTransfer perform task init. 0 new tasks.
19:32:22.518 INFO [AcceptReadWrite Dispatcher]: com.aionemu.loginserver.network.aion.LoginConnection [LoginConnection.java:380] - Connection attemp from: 127.0.0.1
19:37:28.554 INFO [AcceptReadWrite Dispatcher]: com.aionemu.loginserver.network.aion.LoginConnection [LoginConnection.java:380] - Connection attemp from: 127.0.0.1
19:38:26.115 INFO [pool-3-thread-14]: com.aionemu.loginserver.service.PlayerTransferService [PlayerTransferService.java:57] - PlayerTransfer perform task init. 0 new tasks.
19:45:26.123 INFO [pool-3-thread-18]: com.aionemu.loginserver.service.PlayerTransferService [PlayerTransferService.java:57] - PlayerTransfer perform task init. 0 new tasks.
19:52:26.269 INFO [pool-3-thread-5]: com.aionemu.loginserver.service.PlayerTransferService [PlayerTransferService.java:57] - PlayerTransfer perform task init. 0 new tasks.
19:52:38.075 INFO [pool-6-thread-1]: com.aionemu.loginserver.network.gameserver.GsConnection [GsConnection.java:126] - GameServer [ID:1] 127.0.0.1 disconnected
19:52:38.698 WARN [pool-3-thread-11]: com.aionemu.commons.utils.concurrent.ExecuteWrapper [ExecuteWrapper.java:67] - class com.aionemu.loginserver.PingPongThread - execution time: 1314236msec
19:59:26.049 INFO [pool-3-thread-22]: com.aionemu.loginserver.service.PlayerTransferService [PlayerTransferService.java:57] - PlayerTransfer perform task init. 0 new tasks.
20:06:26.082 INFO [pool-3-thread-17]: com.aionemu.loginserver.service.PlayerTransferService [PlayerTransferService.java:57] - PlayerTransfer perform task init. 0 new tasks.
20:13:26.025 INFO [pool-3-thread-8]: com.aionemu.loginserver.service.PlayerTransferService [PlayerTransferService.java:57] - PlayerTransfer perform task init. 0 new tasks.
20:20:26.134 INFO [pool-3-thread-20]: com.aionemu.loginserver.service.PlayerTransferService [PlayerTransferService.java:57] - PlayerTransfer perform task init. 0 new tasks.
20:27:26.054 INFO [pool-3-thread-11]: com.aionemu.loginserver.service.PlayerTransferService [PlayerTransferService.java:57] - PlayerTransfer perform task init. 0 new tasks.
20:34:26.027 INFO [pool-3-thread-19]: com.aionemu.loginserver.service.PlayerTransferService [PlayerTransferService.java:57] - PlayerTransfer perform task init. 0 new tasks.
20:41:26.040 INFO [pool-3-thread-17]: com.aionemu.loginserver.service.PlayerTransferService [PlayerTransferService.java:57] - PlayerTransfer perform task init. 0 new tasks.
20:48:26.055 INFO [pool-3-thread-8]: com.aionemu.loginserver.service.PlayerTransferService [PlayerTransferService.java:57] - PlayerTransfer perform task init. 0 new tasks.
20:55:26.064 INFO [pool-3-thread-20]: com.aionemu.loginserver.service.PlayerTransferService [PlayerTransferService.java:57] - PlayerTransfer perform task init. 0 new tasks.
21:02:26.054 INFO [pool-3-thread-11]: com.aionemu.loginserver.service.PlayerTransferService [PlayerTransferService.java:57] - PlayerTransfer perform task init. 0 new tasks.
21:09:26.082 INFO [pool-3-thread-1]: com.aionemu.loginserver.service.PlayerTransferService [PlayerTransferService.java:57] - PlayerTransfer perform task init. 0 new tasks.
21:16:26.063 INFO [pool-3-thread-17]: com.aionemu.loginserver.service.PlayerTransferService [PlayerTransferService.java:57] - PlayerTransfer perform task init. 0 new tasks.
21:23:26.020 INFO [pool-3-thread-8]: com.aionemu.loginserver.service.PlayerTransferService [PlayerTransferService.java:57] - PlayerTransfer perform task init. 0 new tasks.
21:30:26.036 INFO [pool-3-thread-20]: com.aionemu.loginserver.service.PlayerTransferService [PlayerTransferService.java:57] - PlayerTransfer perform task init. 0 new tasks.
21:37:26.025 INFO [pool-3-thread-11]: com.aionemu.loginserver.service.PlayerTransferService [PlayerTransferService.java:57] - PlayerTransfer perform task init. 0 new tasks.
21:40:10.769 INFO [AcceptReadWrite Dispatcher]: com.aionemu.loginserver.network.gameserver.GsConnection [GsConnection.java:251] - Gameserver connection attemp from: 127.0.0.1
21:40:11.317 INFO [pool-4-thread-2]: com.aionemu.loginserver.network.gameserver.clientpackets.CM_GS_AUTH [CM_GS_AUTH.java:87] - Gameserver #1 is now online.
21:40:16.837 INFO [pool-3-thread-5]: com.aionemu.loginserver.PingPongThread [PingPongThread.java:35] - PingPong for gameserver #1 has started.
21:44:26.168 INFO [pool-3-thread-21]: com.aionemu.loginserver.service.PlayerTransferService [PlayerTransferService.java:57] - PlayerTransfer perform task init. 0 new tasks.
21:48:14.705 INFO [AcceptReadWrite Dispatcher]: com.aionemu.loginserver.network.aion.LoginConnection [LoginConnection.java:380] - Connection attemp from: 127.0.0.1
21:51:26.057 INFO [pool-3-thread-22]: com.aionemu.loginserver.service.PlayerTransferService [PlayerTransferService.java:57] - PlayerTransfer perform task init. 0 new tasks.
21:58:26.020 INFO [pool-3-thread-6]: com.aionemu.loginserver.service.PlayerTransferService [PlayerTransferService.java:57] - PlayerTransfer perform task init. 0 new tasks.
22:01:58.814 INFO [pool-6-thread-1]: com.aionemu.loginserver.network.gameserver.GsConnection [GsConnection.java:126] - GameServer [ID:1] 127.0.0.1 disconnected
22:01:59.093 WARN [pool-3-thread-5]: com.aionemu.commons.utils.concurrent.ExecuteWrapper [ExecuteWrapper.java:67] - class com.aionemu.loginserver.PingPongThread - execution time: 1302223msec
22:05:26.096 INFO [pool-3-thread-1]: com.aionemu.loginserver.service.PlayerTransferService [PlayerTransferService.java:57] - PlayerTransfer perform task init. 0 new tasks.
22:11:37.160 INFO [AcceptReadWrite Dispatcher]: com.aionemu.loginserver.network.gameserver.GsConnection [GsConnection.java:251] - Gameserver connection attemp from: 127.0.0.1
22:11:37.302 INFO [pool-4-thread-9]: com.aionemu.loginserver.network.gameserver.clientpackets.CM_GS_AUTH [CM_GS_AUTH.java:87] - Gameserver #1 is now online.
22:11:42.307 INFO [pool-3-thread-8]: com.aionemu.loginserver.PingPongThread [PingPongThread.java:35] - PingPong for gameserver #1 has started.
22:12:26.062 INFO [pool-3-thread-7]: com.aionemu.loginserver.service.PlayerTransferService [PlayerTransferService.java:57] - PlayerTransfer perform task init. 0 new tasks.
22:19:26.114 INFO [pool-3-thread-19]: com.aionemu.loginserver.service.PlayerTransferService [PlayerTransferService.java:57] - PlayerTransfer perform task init. 0 new tasks.
22:26:26.470 INFO [pool-3-thread-15]: com.aionemu.loginserver.service.PlayerTransferService [PlayerTransferService.java:57] - PlayerTransfer perform task init. 0 new tasks.
22:27:54.183 INFO [pool-6-thread-1]: com.aionemu.loginserver.network.gameserver.GsConnection [GsConnection.java:126] - GameServer [ID:1] 127.0.0.1 disconnected
22:27:56.743 WARN [pool-3-thread-8]: com.aionemu.commons.utils.concurrent.ExecuteWrapper [ExecuteWrapper.java:67] - class com.aionemu.loginserver.PingPongThread - execution time: 974415msec
22:30:22.366 INFO [AcceptReadWrite Dispatcher]: com.aionemu.loginserver.network.gameserver.GsConnection [GsConnection.java:251] - Gameserver connection attemp from: 127.0.0.1
22:30:22.555 INFO [pool-4-thread-3]: com.aionemu.loginserver.network.gameserver.clientpackets.CM_GS_AUTH [CM_GS_AUTH.java:87] - Gameserver #1 is now online.
22:30:27.571 INFO [pool-3-thread-21]: com.aionemu.loginserver.PingPongThread [PingPongThread.java:35] - PingPong for gameserver #1 has started.
22:31:35.092 INFO [AcceptReadWrite Dispatcher]: com.aionemu.loginserver.network.aion.LoginConnection [LoginConnection.java:380] - Connection attemp from: 127.0.0.1
22:33:26.199 INFO [pool-3-thread-2]: com.aionemu.loginserver.service.PlayerTransferService [PlayerTransferService.java:57] - PlayerTransfer perform task init. 0 new tasks.
22:37:09.509 INFO [AcceptReadWrite Dispatcher]: com.aionemu.loginserver.network.aion.LoginConnection [LoginConnection.java:380] - Connection attemp from: 127.0.0.1
22:40:26.054 INFO [pool-3-thread-14]: com.aionemu.loginserver.service.PlayerTransferService [PlayerTransferService.java:57] - PlayerTransfer perform task init. 0 new tasks.
22:47:26.259 INFO [pool-3-thread-22]: com.aionemu.loginserver.service.PlayerTransferService [PlayerTransferService.java:57] - PlayerTransfer perform task init. 0 new tasks.
22:54:26.062 INFO [pool-3-thread-15]: com.aionemu.loginserver.service.PlayerTransferService [PlayerTransferService.java:57] - PlayerTransfer perform task init. 0 new tasks.
23:01:26.106 INFO [pool-3-thread-3]: com.aionemu.loginserver.service.PlayerTransferService [PlayerTransferService.java:57] - PlayerTransfer perform task init. 0 new tasks.
23:08:26.176 INFO [pool-3-thread-10]: com.aionemu.loginserver.service.PlayerTransferService [PlayerTransferService.java:57] - PlayerTransfer perform task init. 0 new tasks.
23:15:26.322 INFO [pool-3-thread-16]: com.aionemu.loginserver.service.PlayerTransferService [PlayerTransferService.java:57] - PlayerTransfer perform task init. 0 new tasks.
23:22:26.021 INFO [pool-3-thread-9]: com.aionemu.loginserver.service.PlayerTransferService [PlayerTransferService.java:57] - PlayerTransfer perform task init. 0 new tasks.
23:29:26.020 INFO [pool-3-thread-12]: com.aionemu.loginserver.service.PlayerTransferService [PlayerTransferService.java:57] - PlayerTransfer perform task init. 0 new tasks.
23:36:26.229 INFO [pool-3-thread-7]: com.aionemu.loginserver.service.PlayerTransferService [PlayerTransferService.java:57] - PlayerTransfer perform task init. 0 new tasks.
23:43:26.020 INFO [pool-3-thread-18]: com.aionemu.loginserver.service.PlayerTransferService [PlayerTransferService.java:57] - PlayerTransfer perform task init. 0 new tasks.
23:50:26.022 INFO [pool-3-thread-17]: com.aionemu.loginserver.service.PlayerTransferService [PlayerTransferService.java:57] - PlayerTransfer perform task init. 0 new tasks.
23:53:19.070 INFO [pool-6-thread-1]: com.aionemu.loginserver.network.gameserver.GsConnection [GsConnection.java:126] - GameServer [ID:1] 127.0.0.1 disconnected
23:53:19.586 WARN [pool-3-thread-21]: com.aionemu.commons.utils.concurrent.ExecuteWrapper [ExecuteWrapper.java:67] - class com.aionemu.loginserver.PingPongThread - execution time: 4971991msec
23:56:16.659 INFO [AcceptReadWrite Dispatcher]: com.aionemu.loginserver.network.gameserver.GsConnection [GsConnection.java:251] - Gameserver connection attemp from: 127.0.0.1
23:56:16.919 INFO [pool-4-thread-7]: com.aionemu.loginserver.network.gameserver.clientpackets.CM_GS_AUTH [CM_GS_AUTH.java:87] - Gameserver #1 is now online.
23:56:21.922 INFO [pool-3-thread-20]: com.aionemu.loginserver.PingPongThread [PingPongThread.java:35] - PingPong for gameserver #1 has started.
23:56:47.178 INFO [AcceptReadWrite Dispatcher]: com.aionemu.loginserver.network.aion.LoginConnection [LoginConnection.java:380] - Connection attemp from: 127.0.0.1
23:57:26.020 INFO [pool-3-thread-10]: com.aionemu.loginserver.service.PlayerTransferService [PlayerTransferService.java:57] - PlayerTransfer perform task init. 0 new tasks.
00:04:26.067 INFO [pool-3-thread-11]: com.aionemu.loginserver.service.PlayerTransferService [PlayerTransferService.java:57] - PlayerTransfer perform task init. 0 new tasks.
00:11:26.021 INFO [pool-3-thread-16]: com.aionemu.loginserver.service.PlayerTransferService [PlayerTransferService.java:57] - PlayerTransfer perform task init. 0 new tasks.
00:18:26.021 INFO [pool-3-thread-8]: com.aionemu.loginserver.service.PlayerTransferService [PlayerTransferService.java:57] - PlayerTransfer perform task init. 0 new tasks.
00:25:26.091 INFO [pool-3-thread-4]: com.aionemu.loginserver.service.PlayerTransferService [PlayerTransferService.java:57] - PlayerTransfer perform task init. 0 new tasks.
00:32:26.042 INFO [pool-3-thread-23]: com.aionemu.loginserver.service.PlayerTransferService [PlayerTransferService.java:57] - PlayerTransfer perform task init. 0 new tasks.
00:33:23.221 INFO [AcceptReadWrite Dispatcher]: com.aionemu.loginserver.network.aion.LoginConnection [LoginConnection.java:380] - Connection attemp from: 127.0.0.1
00:33:31.298 INFO [pool-3-thread-20]: com.aionemu.loginserver.PingPongThread [PingPongThread.java:65] - Gameserver #1 [PID=12896] died, closing.
00:33:31.298 WARN [pool-3-thread-20]: com.aionemu.commons.utils.concurrent.ExecuteWrapper [ExecuteWrapper.java:67] - class com.aionemu.loginserver.PingPongThread - execution time: 2229376msec
00:33:33.351 INFO [pool-6-thread-1]: com.aionemu.loginserver.network.gameserver.GsConnection [GsConnection.java:126] - GameServer [ID:1] 127.0.0.1 disconnected
00:33:38.397 INFO [AcceptReadWrite Dispatcher]: com.aionemu.loginserver.network.gameserver.GsConnection [GsConnection.java:251] - Gameserver connection attemp from: 127.0.0.1
00:33:38.399 INFO [pool-4-thread-7]: com.aionemu.loginserver.network.gameserver.clientpackets.CM_GS_AUTH [CM_GS_AUTH.java:87] - Gameserver #1 is now online.
00:33:43.400 INFO [pool-3-thread-16]: com.aionemu.loginserver.PingPongThread [PingPongThread.java:35] - PingPong for gameserver #1 has started.
00:39:26.021 INFO [pool-3-thread-3]: com.aionemu.loginserver.service.PlayerTransferService [PlayerTransferService.java:57] - PlayerTransfer perform task init. 0 new tasks.
00:44:13.715 INFO [pool-6-thread-1]: com.aionemu.loginserver.network.gameserver.GsConnection [GsConnection.java:126] - GameServer [ID:1] 127.0.0.1 disconnected
00:44:16.506 WARN [pool-3-thread-16]: com.aionemu.commons.utils.concurrent.ExecuteWrapper [ExecuteWrapper.java:67] - class com.aionemu.loginserver.PingPongThread - execution time: 633105msec
00:46:26.042 INFO [pool-3-thread-19]: com.aionemu.loginserver.service.PlayerTransferService [PlayerTransferService.java:57] - PlayerTransfer perform task init. 0 new tasks.
00:53:26.037 INFO [pool-3-thread-21]: com.aionemu.loginserver.service.PlayerTransferService [PlayerTransferService.java:57] - PlayerTransfer perform task init. 0 new tasks.
01:00:26.022 INFO [pool-3-thread-11]: com.aionemu.loginserver.service.PlayerTransferService [PlayerTransferService.java:57] - PlayerTransfer perform task init. 0 new tasks.
01:07:26.023 INFO [pool-3-thread-2]: com.aionemu.loginserver.service.PlayerTransferService [PlayerTransferService.java:57] - PlayerTransfer perform task init. 0 new tasks.
01:14:26.023 INFO [pool-3-thread-8]: com.aionemu.loginserver.service.PlayerTransferService [PlayerTransferService.java:57] - PlayerTransfer perform task init. 0 new tasks.
01:21:26.023 INFO [pool-3-thread-19]: com.aionemu.loginserver.service.PlayerTransferService [PlayerTransferService.java:57] - PlayerTransfer perform task init. 0 new tasks.
